Linux 5.4.0-91-generic (spgw-u) 	07/12/21 	_x86_64_	(4 CPU)

16:16:25        CPU     %user     %nice   %system   %iowait    %steal     %idle
16:16:27        all      0.13      0.00     28.66      5.32      0.91     64.98

16:16:25          tps      rtps      wtps   bread/s   bwrtn/s
16:16:27       134.33      0.00    134.33      0.00 337444.78

16:16:25    kbmemfree   kbavail kbmemused  %memused kbbuffers  kbcached  kbcommit   %commit  kbactive   kbinact   kbdirty
16:16:27      2319348   2783924    739852     24.18      2576    589028    424336     13.87    469444    187628     88052

16:16:27        CPU     %user     %nice   %system   %iowait    %steal     %idle
16:16:29        all      0.13      0.00     29.33      8.85      0.76     60.94

16:16:27          tps      rtps      wtps   bread/s   bwrtn/s
16:16:29       161.00      0.00    161.00      0.00 396048.00

16:16:27    kbmemfree   kbavail kbmemused  %memused kbbuffers  kbcached  kbcommit   %commit  kbactive   kbinact   kbdirty
16:16:29      2237208   2784080    821992     26.87      2576    671180    424336     13.87    469556    269692    170696

16:16:29        CPU     %user     %nice   %system   %iowait    %steal     %idle
16:16:31        all      0.25      0.00      7.95     42.42      0.38     48.99

16:16:29          tps      rtps      wtps   bread/s   bwrtn/s
16:16:31         5.00      0.00      5.00      0.00  12800.00

16:16:29    kbmemfree   kbavail kbmemused  %memused kbbuffers  kbcached  kbcommit   %commit  kbactive   kbinact   kbdirty
16:16:31      2099408   2784972    959792     31.37      2576    809960    424336     13.87    725488    152484     53596

16:16:31        CPU     %user     %nice   %system   %iowait    %steal     %idle
16:16:33        all      0.25      0.00     11.50     43.11      1.01     44.12

16:16:31          tps      rtps      wtps   bread/s   bwrtn/s
16:16:33       259.50      0.00    259.50      0.00 657828.00

16:16:31    kbmemfree   kbavail kbmemused  %memused kbbuffers  kbcached  kbcommit   %commit  kbactive   kbinact   kbdirty
16:16:33      2108352   2784040    950848     31.08      2576    800192    424336     13.87    725440    142800     44328

16:16:33        CPU     %user     %nice   %system   %iowait    %steal     %idle
16:16:35        all      0.00      0.00      9.48     39.95      0.38     50.19

16:16:33          tps      rtps      wtps   bread/s   bwrtn/s
16:16:35         6.00      0.00      6.00      0.00  13808.00

16:16:33    kbmemfree   kbavail kbmemused  %memused kbbuffers  kbcached  kbcommit   %commit  kbactive   kbinact   kbdirty
16:16:35      1997972   2783872   1061228     34.69      2576    910160    424336     13.87    725440    252884    154380

16:16:35        CPU     %user     %nice   %system   %iowait    %steal     %idle
16:16:37        all      1.15      0.00     22.82     14.10      3.46     58.46

16:16:35          tps      rtps      wtps   bread/s   bwrtn/s
16:16:37       235.00      0.00    235.00      0.00 595564.00

16:16:35    kbmemfree   kbavail kbmemused  %memused kbbuffers  kbcached  kbcommit   %commit  kbactive   kbinact   kbdirty
16:16:37      2408236   2785288    650964     21.28      2576    501504    424336     13.87    391876    177828    258412

16:16:37        CPU     %user     %nice   %system   %iowait    %steal     %idle
16:16:39        all      0.38      0.00     21.70     27.66      1.02     49.24

16:16:37          tps      rtps      wtps   bread/s   bwrtn/s
16:16:39       154.50      0.00    154.50      0.00 390400.00

16:16:37    kbmemfree   kbavail kbmemused  %memused kbbuffers  kbcached  kbcommit   %commit  kbactive   kbinact   kbdirty
16:16:39      2135020   2784448    924180     30.21      2576    773824    424336     13.87    725520    116400     18932

16:16:39        CPU     %user     %nice   %system   %iowait    %steal     %idle
16:16:41        all      0.38      0.00     11.61     37.76      1.28     48.98

16:16:39          tps      rtps      wtps   bread/s   bwrtn/s
16:16:41       252.50      0.00    252.50      0.00 633600.00

16:16:39    kbmemfree   kbavail kbmemused  %memused kbbuffers  kbcached  kbcommit   %commit  kbactive   kbinact   kbdirty
16:16:41      2328344   2785040    730856     23.89      2576    581176    424336     13.87    547136    102140    259436

16:16:41        CPU     %user     %nice   %system   %iowait    %steal     %idle
16:16:43        all      0.00      0.00      7.02     47.00      0.77     45.21

16:16:41          tps      rtps      wtps   bread/s   bwrtn/s
16:16:43        32.34      0.50     31.84     15.92  75363.18

16:16:41    kbmemfree   kbavail kbmemused  %memused kbbuffers  kbcached  kbcommit   %commit  kbactive   kbinact   kbdirty
16:16:43      2072084   2784156    987116     32.27      2576    836516    424336     13.87    725328    179260     79596

16:16:43        CPU     %user     %nice   %system   %iowait    %steal     %idle
16:16:45        all      0.64      0.00     16.48     48.28      1.92     32.69

16:16:43          tps      rtps      wtps   bread/s   bwrtn/s
16:16:45       334.17      2.51    331.66     80.40 773921.61

16:16:43    kbmemfree   kbavail kbmemused  %memused kbbuffers  kbcached  kbcommit   %commit  kbactive   kbinact   kbdirty
16:16:45      2242972   2784256    816228     26.68      2576    665600    424336     13.87    470200    263528    164520

16:16:45        CPU     %user     %nice   %system   %iowait    %steal     %idle
16:16:47        all      0.25      0.00     35.02     14.41      1.77     48.55

16:16:45          tps      rtps      wtps   bread/s   bwrtn/s
16:16:47       285.57      0.00    285.57      0.00 691526.37

16:16:45    kbmemfree   kbavail kbmemused  %memused kbbuffers  kbcached  kbcommit   %commit  kbactive   kbinact   kbdirty
16:16:47      2406676   2783932    652524     21.33      2576    501796    424336     13.87    215092    354816    257188

16:16:47        CPU     %user     %nice   %system   %iowait    %steal     %idle
16:16:49        all      1.02      0.00     27.84     11.62      1.92     57.60

16:16:47          tps      rtps      wtps   bread/s   bwrtn/s
16:16:49       262.00      0.00    262.00      0.00 647772.00

16:16:47    kbmemfree   kbavail kbmemused  %memused kbbuffers  kbcached  kbcommit   %commit  kbactive   kbinact   kbdirty
16:16:49      2211336   2786004    847864     27.72      2576    699232    424336     13.87    470204    297068    198988

16:16:49        CPU     %user     %nice   %system   %iowait    %steal     %idle
16:16:51        all      0.63      0.00     25.06      8.06      2.02     64.23

16:16:49          tps      rtps      wtps   bread/s   bwrtn/s
16:16:51       253.00      0.00    253.00      0.00 632228.00

16:16:49    kbmemfree   kbavail kbmemused  %memused kbbuffers  kbcached  kbcommit   %commit  kbactive   kbinact   kbdirty
16:16:51      2226436   2784816    832764     27.22      2576    682748    424336     13.87    586096    164572     67156

16:16:51        CPU     %user     %nice   %system   %iowait    %steal     %idle
16:16:53        all      0.38      0.00     26.14     19.32      1.89     52.27

16:16:51          tps      rtps      wtps   bread/s   bwrtn/s
16:16:53       413.43      0.00    413.43      0.00 1032071.64

16:16:51    kbmemfree   kbavail kbmemused  %memused kbbuffers  kbcached  kbcommit   %commit  kbactive   kbinact   kbdirty
16:16:53      2336248   2784924    722952     23.63      2576    573608    424336     13.87    471124    170352     73828

16:16:53        CPU     %user     %nice   %system   %iowait    %steal     %idle
16:16:55        all      0.63      0.00     16.18     38.05      1.90     43.24

16:16:53          tps      rtps      wtps   bread/s   bwrtn/s
16:16:55       199.00      0.00    199.00      0.00 500048.00

16:16:53    kbmemfree   kbavail kbmemused  %memused kbbuffers  kbcached  kbcommit   %commit  kbactive   kbinact   kbdirty
16:16:55      2133704   2785444    925496     30.25      2576    776284    424336     13.87    727668    116668     20836

16:16:55        CPU     %user     %nice   %system   %iowait    %steal     %idle
16:16:57        all      0.25      0.00     12.64     58.03      1.01     28.07

16:16:55          tps      rtps      wtps   bread/s   bwrtn/s
16:16:57       166.50      0.50    166.00     16.00 415264.00

16:16:55    kbmemfree   kbavail kbmemused  %memused kbbuffers  kbcached  kbcommit   %commit  kbactive   kbinact   kbdirty
16:16:57      2100420   2785500    958780     31.34      2576    809560    424336     13.87    728124    149440     53976

16:16:57        CPU     %user     %nice   %system   %iowait    %steal     %idle
16:16:59        all      0.25      0.00     25.92      6.48      1.65     65.69

16:16:57          tps      rtps      wtps   bread/s   bwrtn/s
16:16:59       238.81      0.00    238.81      0.00 604465.67

16:16:57    kbmemfree   kbavail kbmemused  %memused kbbuffers  kbcached  kbcommit   %commit  kbactive   kbinact   kbdirty
16:16:59      2436776   2784848    622424     20.35      2576    472704    424336     13.87    216756    323988    229032

16:16:59        CPU     %user     %nice   %system   %iowait    %steal     %idle
16:17:01        all      1.50      0.00     23.10     24.22      5.87     45.32

16:16:59          tps      rtps      wtps   bread/s   bwrtn/s
16:17:01       117.56      0.00    117.56      0.00 289728.78

16:16:59    kbmemfree   kbavail kbmemused  %memused kbbuffers  kbcached  kbcommit   %commit  kbactive   kbinact   kbdirty
16:17:01      2153936   2783924    905264     29.59      2576    754520    427312     13.97    473256    349528    254868

16:17:01        CPU     %user     %nice   %system   %iowait    %steal     %idle
16:17:03        all     14.60      0.00     23.33      0.32     41.59     20.16

16:17:01          tps      rtps      wtps   bread/s   bwrtn/s
16:17:03        84.95      0.00     84.95      0.00 215114.56

16:17:01    kbmemfree   kbavail kbmemused  %memused kbbuffers  kbcached  kbcommit   %commit  kbactive   kbinact   kbdirty
16:17:03      2390780   2782900    668420     21.85      2576    517016    427312     13.97    473288    111484     17476

16:17:03        CPU     %user     %nice   %system   %iowait    %steal     %idle
16:17:05        all      5.96      0.00     16.39     19.74     10.61     47.30

16:17:03          tps      rtps      wtps   bread/s   bwrtn/s
16:17:05        98.01      0.00     98.01      0.00 248230.85

16:17:03    kbmemfree   kbavail kbmemused  %memused kbbuffers  kbcached  kbcommit   %commit  kbactive   kbinact   kbdirty
16:17:05      2265344   2783236    793856     25.95      2576    642420    427312     13.97    473432    237116    143020

16:17:05        CPU     %user     %nice   %system   %iowait    %steal     %idle
16:17:07        all      1.47      0.00     25.97     19.41      4.15     49.00

16:17:05          tps      rtps      wtps   bread/s   bwrtn/s
16:17:07        86.93      0.00     86.93      0.00 212956.78

16:17:05    kbmemfree   kbavail kbmemused  %memused kbbuffers  kbcached  kbcommit   %commit  kbactive   kbinact   kbdirty
16:17:07      2126492   2784588    932708     30.49      2576    782748    427312     13.97    729564    121252     27512

16:17:07        CPU     %user     %nice   %system   %iowait    %steal     %idle
16:17:09        all      0.38      0.00     21.71     23.21      6.52     48.18

16:17:07          tps      rtps      wtps   bread/s   bwrtn/s
16:17:09       222.50      0.00    222.50      0.00 557388.00

16:17:07    kbmemfree   kbavail kbmemused  %memused kbbuffers  kbcached  kbcommit   %commit  kbactive   kbinact   kbdirty
16:17:09      2166120   2783748    893080     29.19      2576    742192    427312     13.97    474424    335912    242900

16:17:09        CPU     %user     %nice   %system   %iowait    %steal     %idle
16:17:11        all      0.38      0.00      4.39     45.29      0.38     49.56

16:17:09          tps      rtps      wtps   bread/s   bwrtn/s
16:17:11        13.50      0.00     13.50      0.00  33680.00

16:17:09    kbmemfree   kbavail kbmemused  %memused kbbuffers  kbcached  kbcommit   %commit  kbactive   kbinact   kbdirty
16:17:11      2098876   2783320    960324     31.39      2576    808964    427312     13.97    730436    146668     53672

16:17:11        CPU     %user     %nice   %system   %iowait    %steal     %idle
16:17:13        all      0.51      0.00     15.84     28.22      2.55     52.87

16:17:11          tps      rtps      wtps   bread/s   bwrtn/s
16:17:13       274.75      0.00    274.75      0.00 686114.85

16:17:11    kbmemfree   kbavail kbmemused  %memused kbbuffers  kbcached  kbcommit   %commit  kbactive   kbinact   kbdirty
16:17:13      2145448   2784180    913752     29.87      2576    763168    427312     13.97    730992    100284    186144

16:17:13        CPU     %user     %nice   %system   %iowait    %steal     %idle
16:17:15        all      0.39      0.00     19.74     29.03      2.32     48.52

16:17:13          tps      rtps      wtps   bread/s   bwrtn/s
16:17:15       104.00      0.00    104.00      0.00 254812.00

16:17:13    kbmemfree   kbavail kbmemused  %memused kbbuffers  kbcached  kbcommit   %commit  kbactive   kbinact   kbdirty
16:17:15      1953852   2785256   1105348     36.13      2576    955916    427312     13.97    731372    292568    200492

16:17:15        CPU     %user     %nice   %system   %iowait    %steal     %idle
16:17:17        all      0.00      0.00      2.89     47.11      0.13     49.87

16:17:15          tps      rtps      wtps   bread/s   bwrtn/s
16:17:17         0.00      0.00      0.00      0.00      0.00

16:17:15    kbmemfree   kbavail kbmemused  %memused kbbuffers  kbcached  kbcommit   %commit  kbactive   kbinact   kbdirty
16:17:17      1925752   2785244   1133448     37.05      2576    983868    427312     13.97    731516    320456    221244

16:17:17        CPU     %user     %nice   %system   %iowait    %steal     %idle
16:17:19        all      0.25      0.00     11.57     36.35      1.26     50.57

16:17:17          tps      rtps      wtps   bread/s   bwrtn/s
16:17:19       243.50      0.00    243.50      0.00 556428.00

16:17:17    kbmemfree   kbavail kbmemused  %memused kbbuffers  kbcached  kbcommit   %commit  kbactive   kbinact   kbdirty
16:17:19      2408844   2784272    650356     21.26      2576    499868    427312     13.97    220476    347432    247876

16:17:19        CPU     %user     %nice   %system   %iowait    %steal     %idle
16:17:21        all      0.37      0.00     26.24      7.09      1.62     64.68

16:17:19          tps      rtps      wtps   bread/s   bwrtn/s
16:17:21       105.00      0.00    105.00      0.00 256000.00

16:17:19    kbmemfree   kbavail kbmemused  %memused kbbuffers  kbcached  kbcommit   %commit  kbactive   kbinact   kbdirty
16:17:21      2400208   2784684    658992     21.54      2576    508936    427312     13.97    311076    266040    257048

16:17:21        CPU     %user     %nice   %system   %iowait    %steal     %idle
16:17:23        all      1.63      0.00     28.07     13.28      1.88     55.14

16:17:21          tps      rtps      wtps   bread/s   bwrtn/s
16:17:23       111.94      0.00    111.94      0.00 280712.44

16:17:21    kbmemfree   kbavail kbmemused  %memused kbbuffers  kbcached  kbcommit   %commit  kbactive   kbinact   kbdirty
16:17:23      2352968   2783980    706232     23.09      2576    555712    427312     13.97    477100    146552     47564

16:17:23        CPU     %user     %nice   %system   %iowait    %steal     %idle
16:17:25        all      0.63      0.00     27.15     16.41      1.26     54.55

16:17:23          tps      rtps      wtps   bread/s   bwrtn/s
16:17:25       168.50      0.00    168.50      0.00 425124.00

16:17:23    kbmemfree   kbavail kbmemused  %memused kbbuffers  kbcached  kbcommit   %commit  kbactive   kbinact   kbdirty
16:17:25      2142876   2784312    916324     29.95      2576    765588    427312     13.97    536252    297528    257576

16:17:25        CPU     %user     %nice   %system   %iowait    %steal     %idle
16:17:27        all      0.25      0.00     15.80     34.14      1.91     47.90

16:17:25          tps      rtps      wtps   bread/s   bwrtn/s
16:17:27       205.00      0.00    205.00      0.00 512708.00

16:17:25    kbmemfree   kbavail kbmemused  %memused kbbuffers  kbcached  kbcommit   %commit  kbactive   kbinact   kbdirty
16:17:27      2035676   2784284   1023524     33.46      2576    872992    427312     13.97    734100    206996    109064

16:17:27        CPU     %user     %nice   %system   %iowait    %steal     %idle
16:17:29        all      0.13      0.00      5.78     43.00      1.28     49.81

16:17:27          tps      rtps      wtps   bread/s   bwrtn/s
16:17:29       127.50      0.00    127.50      0.00 316084.00

16:17:27    kbmemfree   kbavail kbmemused  %memused kbbuffers  kbcached  kbcommit   %commit  kbactive   kbinact   kbdirty
16:17:29      2148452   2784340    910748     29.77      2576    760268    427312     13.97    478416    349960    252420

16:17:29        CPU     %user     %nice   %system   %iowait    %steal     %idle
16:17:31        all      0.13      0.00      3.69     45.10      0.89     50.19

16:17:29          tps      rtps      wtps   bread/s   bwrtn/s
16:17:31       127.50      0.00    127.50      0.00 318296.00

16:17:29    kbmemfree   kbavail kbmemused  %memused kbbuffers  kbcached  kbcommit   %commit  kbactive   kbinact   kbdirty
16:17:31      1974868   2783828   1084332     35.44      2576    933244    427312     13.97    734456    266948    169396

16:17:31        CPU     %user     %nice   %system   %iowait    %steal     %idle
16:17:33        all      0.13      0.00     13.33     46.54      1.89     38.11

16:17:31          tps      rtps      wtps   bread/s   bwrtn/s
16:17:33        69.50      0.00     69.50      0.00 172152.00

16:17:31    kbmemfree   kbavail kbmemused  %memused kbbuffers  kbcached  kbcommit   %commit  kbactive   kbinact   kbdirty
16:17:33      1875192   2783928   1184008     38.70      2576   1032928    427312     13.97    990808    110284     13060

16:17:33        CPU     %user     %nice   %system   %iowait    %steal     %idle
16:17:35        all      0.00      0.00      1.64     97.48      0.88      0.00

16:17:33          tps      rtps      wtps   bread/s   bwrtn/s
16:17:35        11.00      0.00     11.00      0.00  27952.00

16:17:33    kbmemfree   kbavail kbmemused  %memused kbbuffers  kbcached  kbcommit   %commit  kbactive   kbinact   kbdirty
16:17:35      2097664   2783836    961536     31.43      2576    810528    427312     13.97    734920    143608     46392

16:17:35        CPU     %user     %nice   %system   %iowait    %steal     %idle
16:17:37        all      0.25      0.00     18.83     38.03      3.24     39.65

16:17:35          tps      rtps      wtps   bread/s   bwrtn/s
16:17:37       394.06      0.00    394.06      0.00 926800.00

16:17:35    kbmemfree   kbavail kbmemused  %memused kbbuffers  kbcached  kbcommit   %commit  kbactive   kbinact   kbdirty
16:17:37      2131032   2784516    928168     30.34      2576    778204    427312     13.97    735864    110372     13884

16:17:37        CPU     %user     %nice   %system   %iowait    %steal     %idle
16:17:39        all      0.26      0.00      1.80     46.85      0.64     50.45

16:17:37          tps      rtps      wtps   bread/s   bwrtn/s
16:17:39        48.00      0.00     48.00      0.00 121432.00

16:17:37    kbmemfree   kbavail kbmemused  %memused kbbuffers  kbcached  kbcommit   %commit  kbactive   kbinact   kbdirty
16:17:39      2175504   2784156    883696     28.89      2576    732996    427312     13.97    480100    321012    224824

16:17:39        CPU     %user     %nice   %system   %iowait    %steal     %idle
16:17:41        all      0.13      0.00      4.09     45.52      0.26     50.00

16:17:39          tps      rtps      wtps   bread/s   bwrtn/s
16:17:41        41.50      0.00     41.50      0.00 101108.00

16:17:39    kbmemfree   kbavail kbmemused  %memused kbbuffers  kbcached  kbcommit   %commit  kbactive   kbinact   kbdirty
16:17:41      1961116   2783612   1098084     35.89      2576    946828    427312     13.97    736212    278748    182764

16:17:41        CPU     %user     %nice   %system   %iowait    %steal     %idle
16:17:43        all      0.25      0.00     11.32     34.09      1.13     53.21

16:17:41          tps      rtps      wtps   bread/s   bwrtn/s
16:17:43       180.50      0.00    180.50      0.00 452092.00

16:17:41    kbmemfree   kbavail kbmemused  %memused kbbuffers  kbcached  kbcommit   %commit  kbactive   kbinact   kbdirty
16:17:43      2145008   2784096    914192     29.88      2576    763660    427312     13.97    480628    351164    255596

16:17:43        CPU     %user     %nice   %system   %iowait    %steal     %idle
16:17:45        all      0.25      0.00     18.77     26.83      3.40     50.76

16:17:43          tps      rtps      wtps   bread/s   bwrtn/s
16:17:45       250.50      0.00    250.50      0.00 625488.00

16:17:43    kbmemfree   kbavail kbmemused  %memused kbbuffers  kbcached  kbcommit   %commit  kbactive   kbinact   kbdirty
16:17:45      2249492   2784196    809708     26.47      2576    659264    427312     13.97    480936    246364    151044

16:17:45        CPU     %user     %nice   %system   %iowait    %steal     %idle
16:17:47        all      0.38      0.00     22.25     25.28      1.26     50.82

16:17:45          tps      rtps      wtps   bread/s   bwrtn/s
16:17:47       125.50      0.00    125.50      0.00 317632.00

16:17:45    kbmemfree   kbavail kbmemused  %memused kbbuffers  kbcached  kbcommit   %commit  kbactive   kbinact   kbdirty
16:17:47      2395232   2784512    663968     21.70      2576    513756    427312     13.97    314484    267428    261592

16:17:47        CPU     %user     %nice   %system   %iowait    %steal     %idle
16:17:49        all      0.62      0.00     27.68     13.22      1.87     56.61

16:17:47          tps      rtps      wtps   bread/s   bwrtn/s
16:17:49       135.00      0.00    135.00      0.00 334932.00

16:17:47    kbmemfree   kbavail kbmemused  %memused kbbuffers  kbcached  kbcommit   %commit  kbactive   kbinact   kbdirty
16:17:49      2199080   2784436    860120     28.12      2576    709996    427312     13.97    481832    296280    201980

16:17:49        CPU     %user     %nice   %system   %iowait    %steal     %idle
16:17:51        all      1.39      0.00     22.12     38.31      1.14     37.04

16:17:49          tps      rtps      wtps   bread/s   bwrtn/s
16:17:51       196.50      0.00    196.50      0.00 439252.00

16:17:49    kbmemfree   kbavail kbmemused  %memused kbbuffers  kbcached  kbcommit   %commit  kbactive   kbinact   kbdirty
16:17:51      2201080   2782920    858120     28.05      2576    706188    427312     13.97    483224    291132    190908

16:17:51        CPU     %user     %nice   %system   %iowait    %steal     %idle
16:17:53        all      0.38      0.00      8.08     40.77      0.90     49.87

16:17:51          tps      rtps      wtps   bread/s   bwrtn/s
16:17:53        79.00      0.00     79.00      0.00 195680.00

16:17:51    kbmemfree   kbavail kbmemused  %memused kbbuffers  kbcached  kbcommit   %commit  kbactive   kbinact   kbdirty
16:17:53      1947468   2782604   1111732     36.34      2576    959408    427312     13.97    739388    288192    188128

16:17:53        CPU     %user     %nice   %system   %iowait    %steal     %idle
16:17:55        all      0.51      0.00      9.21     40.41      2.05     47.83

16:17:53          tps      rtps      wtps   bread/s   bwrtn/s
16:17:55       160.00      0.00    160.00      0.00 399744.00

16:17:53    kbmemfree   kbavail kbmemused  %memused kbbuffers  kbcached  kbcommit   %commit  kbactive   kbinact   kbdirty
16:17:55      2039960   2782780   1019240     33.32      2576    867100    427312     13.97    663144    272128    172336

16:17:55        CPU     %user     %nice   %system   %iowait    %steal     %idle
16:17:57        all      0.50      0.00     10.15     38.85      1.00     49.50

16:17:55          tps      rtps      wtps   bread/s   bwrtn/s
16:17:57       164.50      0.00    164.50      0.00 405108.00

16:17:55    kbmemfree   kbavail kbmemused  %memused kbbuffers  kbcached  kbcommit   %commit  kbactive   kbinact   kbdirty
16:17:57      2129936   2782536    929264     30.38      2576    777436    427312     13.97    739908    105516      6112

16:17:57        CPU     %user     %nice   %system   %iowait    %steal     %idle
16:17:59        all      0.66      0.00     14.64     29.95      1.45     53.30

16:17:57          tps      rtps      wtps   bread/s   bwrtn/s
16:17:59       193.00      0.00    193.00      0.00 486424.00

16:17:57    kbmemfree   kbavail kbmemused  %memused kbbuffers  kbcached  kbcommit   %commit  kbactive   kbinact   kbdirty
16:17:59      1981676   2783972   1077524     35.22      2576    926760    427312     13.97    740656    254060    155376

16:17:59        CPU     %user     %nice   %system   %iowait    %steal     %idle
16:18:01        all      0.26      0.00     20.90     31.67      1.67     45.51

16:17:59          tps      rtps      wtps   bread/s   bwrtn/s
16:18:01       242.29      0.00    242.29      0.00 601978.11

16:17:59    kbmemfree   kbavail kbmemused  %memused kbbuffers  kbcached  kbcommit   %commit  kbactive   kbinact   kbdirty
16:18:01      2315160   2784604    744040     24.32      2576    594144    427312     13.97    545836    116324     18120

16:18:01        CPU     %user     %nice   %system   %iowait    %steal     %idle
16:18:03        all      0.62      0.00     31.09     14.43      3.23     50.62

16:18:01          tps      rtps      wtps   bread/s   bwrtn/s
16:18:03       190.50      0.00    190.50      0.00 473816.00

16:18:01    kbmemfree   kbavail kbmemused  %memused kbbuffers  kbcached  kbcommit   %commit  kbactive   kbinact   kbdirty
16:18:03      2161648   2784608    897552     29.34      2576    747504    427312     13.97    485824    329836    232180

16:18:03        CPU     %user     %nice   %system   %iowait    %steal     %idle
16:18:05        all      0.13      0.00     11.29     38.45      1.14     48.98

16:18:03          tps      rtps      wtps   bread/s   bwrtn/s
16:18:05       151.50      0.00    151.50      0.00 376604.00

16:18:03    kbmemfree   kbavail kbmemused  %memused kbbuffers  kbcached  kbcommit   %commit  kbactive   kbinact   kbdirty
16:18:05      2224516   2784320    834684     27.28      2576    684128    427312     13.97    486180    266124    168692

16:18:05        CPU     %user     %nice   %system   %iowait    %steal     %idle
16:18:07        all      0.51      0.00     15.80     33.63      1.39     48.67

16:18:05          tps      rtps      wtps   bread/s   bwrtn/s
16:18:07        64.00      0.00     64.00      0.00 163544.00

16:18:05    kbmemfree   kbavail kbmemused  %memused kbbuffers  kbcached  kbcommit   %commit  kbactive   kbinact   kbdirty
16:18:07      1990952   2784032   1068248     34.92      2576    917396    427312     13.97    742132    243440    146072

16:18:07        CPU     %user     %nice   %system   %iowait    %steal     %idle
16:18:09        all      0.38      0.00     18.26     29.35      1.39     50.63

16:18:07          tps      rtps      wtps   bread/s   bwrtn/s
16:18:09       119.00      0.00    119.00      0.00 301724.00

16:18:07    kbmemfree   kbavail kbmemused  %memused kbbuffers  kbcached  kbcommit   %commit  kbactive   kbinact   kbdirty
16:18:09      2103964   2784268    955236     31.23      2576    804776    427312     13.97    742628    130312     33452

16:18:09        CPU     %user     %nice   %system   %iowait    %steal     %idle
16:18:11        all      0.13      0.00     14.61     41.42      1.91     41.93

16:18:09          tps      rtps      wtps   bread/s   bwrtn/s
16:18:11       207.00      0.00    207.00      0.00 512012.00

16:18:09    kbmemfree   kbavail kbmemused  %memused kbbuffers  kbcached  kbcommit   %commit  kbactive   kbinact   kbdirty
16:18:11      2093356   2783652    965844     31.57      2576    814520    427312     13.97    743128    139572     43188

16:18:11        CPU     %user     %nice   %system   %iowait    %steal     %idle
16:18:13        all      0.13      0.00      8.16     36.01      0.63     55.08

16:18:11          tps      rtps      wtps   bread/s   bwrtn/s
16:18:13       173.00      0.00    173.00      0.00 430080.00

16:18:11    kbmemfree   kbavail kbmemused  %memused kbbuffers  kbcached  kbcommit   %commit  kbactive   kbinact   kbdirty
16:18:13      2396244   2785208    662956     21.67      2576    513640    427312     13.97    231688    350000    254136

16:18:13        CPU     %user     %nice   %system   %iowait    %steal     %idle
16:18:15        all      1.52      0.00     27.16     10.03      2.03     59.26

16:18:13          tps      rtps      wtps   bread/s   bwrtn/s
16:18:15       262.00      0.00    262.00      0.00 648900.00

16:18:13    kbmemfree   kbavail kbmemused  %memused kbbuffers  kbcached  kbcommit   %commit  kbactive   kbinact   kbdirty
16:18:15      2172080   2784708    887120     29.00      2576    737384    427312     13.97    488296    317068    221856

16:18:15        CPU     %user     %nice   %system   %iowait    %steal     %idle
16:18:17        all      0.25      0.00     10.31     39.95      1.02     48.47

16:18:15          tps      rtps      wtps   bread/s   bwrtn/s
16:18:17        91.50      0.00     91.50      0.00 230460.00

16:18:15    kbmemfree   kbavail kbmemused  %memused kbbuffers  kbcached  kbcommit   %commit  kbactive   kbinact   kbdirty
16:18:17      2153688   2784292    905512     29.60      2576    754916    427312     13.97    488312    334780    239584

16:18:17        CPU     %user     %nice   %system   %iowait    %steal     %idle
16:18:19        all      0.51      0.00     19.06     26.43      2.41     51.59

16:18:17          tps      rtps      wtps   bread/s   bwrtn/s
16:18:19       272.50      0.00    272.50      0.00 681912.00

16:18:17    kbmemfree   kbavail kbmemused  %memused kbbuffers  kbcached  kbcommit   %commit  kbactive   kbinact   kbdirty
16:18:19      2156908   2784636    902292     29.49      2576    752264    427312     13.97    489212    331212    236932

16:18:19        CPU     %user     %nice   %system   %iowait    %steal     %idle
16:18:21        all      0.13      0.00      3.44     46.17      0.77     49.49

16:18:19          tps      rtps      wtps   bread/s   bwrtn/s
16:18:21        81.00      0.00     81.00      0.00 206816.00

16:18:19    kbmemfree   kbavail kbmemused  %memused kbbuffers  kbcached  kbcommit   %commit  kbactive   kbinact   kbdirty
16:18:21      1962040   2785448   1097160     35.86      2576    947788    427312     13.97    745328    270616    176456

16:18:21        CPU     %user     %nice   %system   %iowait    %steal     %idle
16:18:23        all      0.13      0.00      7.96     34.01      1.14     56.76

16:18:21          tps      rtps      wtps   bread/s   bwrtn/s
16:18:23       214.00      0.00    214.00      0.00 536680.00

16:18:21    kbmemfree   kbavail kbmemused  %memused kbbuffers  kbcached  kbcommit   %commit  kbactive   kbinact   kbdirty
16:18:23      2130148   2784672    929052     30.37      2576    778972    427312     13.97    490388    356720    256792

16:18:23        CPU     %user     %nice   %system   %iowait    %steal     %idle
16:18:25        all      0.51      0.00     14.18     34.81      1.90     48.61

16:18:23          tps      rtps      wtps   bread/s   bwrtn/s
16:18:25       212.50      0.00    212.50      0.00 487160.00

16:18:23    kbmemfree   kbavail kbmemused  %memused kbbuffers  kbcached  kbcommit   %commit  kbactive   kbinact   kbdirty
16:18:25      2049336   2782584   1009864     33.01      2576    857676    427312     13.97    746728    179056     78684

16:18:25        CPU     %user     %nice   %system   %iowait    %steal     %idle
16:18:27        all      0.13      0.00      5.28     43.89      1.42     49.29

16:18:25          tps      rtps      wtps   bread/s   bwrtn/s
16:18:27        93.50      0.00     93.50      0.00 231336.00

16:18:25    kbmemfree   kbavail kbmemused  %memused kbbuffers  kbcached  kbcommit   %commit  kbactive   kbinact   kbdirty
16:18:27      1963112   2782896   1096088     35.83      2576    944136    427312     13.97    747220    265028    165148

16:18:27        CPU     %user     %nice   %system   %iowait    %steal     %idle
16:18:29        all      0.51      0.00     12.37     36.22      2.04     48.85

16:18:27          tps      rtps      wtps   bread/s   bwrtn/s
16:18:29       256.50      0.00    256.50      0.00 634820.00

16:18:27    kbmemfree   kbavail kbmemused  %memused kbbuffers  kbcached  kbcommit   %commit  kbactive   kbinact   kbdirty
16:18:29      1927044   2782632   1132156     37.01      2576    980120    427312     13.97    747620    300472    201172

16:18:29        CPU     %user     %nice   %system   %iowait    %steal     %idle
16:18:31        all      0.13      0.00      8.93     41.01      1.01     48.93

16:18:29          tps      rtps      wtps   bread/s   bwrtn/s
16:18:31       176.73      0.00    176.73      0.00 436895.05

16:18:29    kbmemfree   kbavail kbmemused  %memused kbbuffers  kbcached  kbcommit   %commit  kbactive   kbinact   kbdirty
16:18:31      2372448   2783328    686752     22.45      2576    535380    427312     13.97    492320    111092     12204

16:18:31        CPU     %user     %nice   %system   %iowait    %steal     %idle
16:18:33        all      0.26      0.00     14.58     35.04      0.90     49.23

16:18:31          tps      rtps      wtps   bread/s   bwrtn/s
16:18:33       144.50      0.00    144.50      0.00 356992.00

16:18:31    kbmemfree   kbavail kbmemused  %memused kbbuffers  kbcached  kbcommit   %commit  kbactive   kbinact   kbdirty
16:18:33      1951536   2782280   1107664     36.21      2576    954976    427312     13.97    900420    122648     24100

16:18:33        CPU     %user     %nice   %system   %iowait    %steal     %idle
16:18:35        all      0.39      0.00     16.21     31.37      1.44     50.59

16:18:33          tps      rtps      wtps   bread/s   bwrtn/s
16:18:35       221.00      0.00    221.00      0.00 550368.00

16:18:33    kbmemfree   kbavail kbmemused  %memused kbbuffers  kbcached  kbcommit   %commit  kbactive   kbinact   kbdirty
16:18:35      2030520   2783568   1028680     33.63      2576    877720    427312     13.97    749196    196952     99316

16:18:35        CPU     %user     %nice   %system   %iowait    %steal     %idle
16:18:37        all      0.00      0.00      1.27     48.04      0.38     50.32

16:18:35          tps      rtps      wtps   bread/s   bwrtn/s
16:18:37         0.00      0.00      0.00      0.00      0.00

16:18:35    kbmemfree   kbavail kbmemused  %memused kbbuffers  kbcached  kbcommit   %commit  kbactive   kbinact   kbdirty
16:18:37      1936316   2783656   1122884     36.71      2576    971620    427312     13.97    749340    290492    192680

16:18:37        CPU     %user     %nice   %system   %iowait    %steal     %idle
16:18:39        all      0.25      0.00      0.00     49.50      0.38     49.88

16:18:37          tps      rtps      wtps   bread/s   bwrtn/s
16:18:39        24.88      0.00     24.88      0.00  62821.89

16:18:37    kbmemfree   kbavail kbmemused  %memused kbbuffers  kbcached  kbcommit   %commit  kbactive   kbinact   kbdirty
16:18:39      1936380   2783840   1122820     36.70      2576    971784    427312     13.97    749372    290580    192844

16:18:39        CPU     %user     %nice   %system   %iowait    %steal     %idle
16:18:41        all      0.39      0.00     18.54     17.75      4.96     58.36

16:18:39          tps      rtps      wtps   bread/s   bwrtn/s
16:18:41       154.50      0.00    154.50      0.00 391424.00

16:18:39    kbmemfree   kbavail kbmemused  %memused kbbuffers  kbcached  kbcommit   %commit  kbactive   kbinact   kbdirty
16:18:41      2193692   2782864    865508     28.29      2576    713616    427312     13.97    493752    287952    190676

16:18:41        CPU     %user     %nice   %system   %iowait    %steal     %idle
16:18:43        all      0.00      0.00     10.50     37.64      2.30     49.55

16:18:41          tps      rtps      wtps   bread/s   bwrtn/s
16:18:43        86.50      0.00     86.50      0.00 212620.00

16:18:41    kbmemfree   kbavail kbmemused  %memused kbbuffers  kbcached  kbcommit   %commit  kbactive   kbinact   kbdirty
16:18:43      2033608   2782600   1025592     33.52      2576    873352    427312     13.97    749848    191676     94468

16:18:43        CPU     %user     %nice   %system   %iowait    %steal     %idle
16:18:45        all      0.13      0.00      9.80     38.55      2.54     48.98

16:18:43          tps      rtps      wtps   bread/s   bwrtn/s
16:18:45       190.50      0.00    190.50      0.00 473472.00

16:18:43    kbmemfree   kbavail kbmemused  %memused kbbuffers  kbcached  kbcommit   %commit  kbactive   kbinact   kbdirty
16:18:45      2411712   2782988    647488     21.17      2576    495672    427312     13.97    238500    325428    228628

16:18:45        CPU     %user     %nice   %system   %iowait    %steal     %idle
16:18:47        all      0.38      0.00     28.02      3.89      1.01     66.71

16:18:45          tps      rtps      wtps   bread/s   bwrtn/s
16:18:47       210.00      0.00    210.00      0.00 512000.00

16:18:45    kbmemfree   kbavail kbmemused  %memused kbbuffers  kbcached  kbcommit   %commit  kbactive   kbinact   kbdirty
16:18:47      2381508   2784884    677692     22.15      2576    527752    427312     13.97    257564    338564    260808

16:18:47        CPU     %user     %nice   %system   %iowait    %steal     %idle
16:18:49        all      1.26      0.00     25.92     12.64      1.39     58.79

16:18:47          tps      rtps      wtps   bread/s   bwrtn/s
16:18:49       215.50      0.00    215.50      0.00 537764.00

16:18:47    kbmemfree   kbavail kbmemused  %memused kbbuffers  kbcached  kbcommit   %commit  kbactive   kbinact   kbdirty
16:18:49      2332140   2783852    727060     23.77      2576    576164    427312     13.97    495276    149116     53148

16:18:49        CPU     %user     %nice   %system   %iowait    %steal     %idle
16:18:51        all      0.51      0.00     21.48     16.11      1.79     60.10

16:18:49          tps      rtps      wtps   bread/s   bwrtn/s
16:18:51       297.01      0.00    297.01      0.00 738543.28

16:18:49    kbmemfree   kbavail kbmemused  %memused kbbuffers  kbcached  kbcommit   %commit  kbactive   kbinact   kbdirty
16:18:51      2379884   2784460    679316     22.21      2576    529176    427312     13.97    496172    101144    257084

16:18:51        CPU     %user     %nice   %system   %iowait    %steal     %idle
16:18:53        all      0.26      0.00     14.83     33.38      2.30     49.23

16:18:51          tps      rtps      wtps   bread/s   bwrtn/s
16:18:53       274.37      0.00    274.37      0.00 680056.28

16:18:51    kbmemfree   kbavail kbmemused  %memused kbbuffers  kbcached  kbcommit   %commit  kbactive   kbinact   kbdirty
16:18:53      2144780   2784228    914420     29.89      2576    763984    427312     13.97    496968    335108    240696

16:18:53        CPU     %user     %nice   %system   %iowait    %steal     %idle
16:18:55        all      0.13      0.00     13.23     36.39      2.29     47.96

16:18:53          tps      rtps      wtps   bread/s   bwrtn/s
16:18:55       120.50      0.00    120.50      0.00 304008.00

16:18:53    kbmemfree   kbavail kbmemused  %memused kbbuffers  kbcached  kbcommit   %commit  kbactive   kbinact   kbdirty
16:18:55      2048556   2784188   1010644     33.04      2576    860156    427312     13.97    753392    174860     74516

16:18:55        CPU     %user     %nice   %system   %iowait    %steal     %idle
16:18:57        all      0.25      0.00      7.88     20.97      1.91     69.00

16:18:55          tps      rtps      wtps   bread/s   bwrtn/s
16:18:57       232.50      0.00    232.50      0.00 514636.00

16:18:55    kbmemfree   kbavail kbmemused  %memused kbbuffers  kbcached  kbcommit   %commit  kbactive   kbinact   kbdirty
16:18:57      2122836   2785304    936364     30.61      2576    787152    427312     13.97    591372    263740    256112

16:18:57        CPU     %user     %nice   %system   %iowait    %steal     %idle
16:18:59        all      0.13      0.00     17.13     31.99      2.52     48.24

16:18:57          tps      rtps      wtps   bread/s   bwrtn/s
16:18:59       210.95      0.00    210.95      0.00 512099.50

16:18:57    kbmemfree   kbavail kbmemused  %memused kbbuffers  kbcached  kbcommit   %commit  kbactive   kbinact   kbdirty
16:18:59      1998340   2785496   1060860     34.68      2576    911480    427312     13.97    754704    224928    124800

16:18:59        CPU     %user     %nice   %system   %iowait    %steal     %idle
16:19:01        all      0.38      0.00      6.13     19.28      1.02     73.18

16:18:59          tps      rtps      wtps   bread/s   bwrtn/s
16:19:01       143.50      0.00    143.50      0.00 354608.00

16:18:59    kbmemfree   kbavail kbmemused  %memused kbbuffers  kbcached  kbcommit   %commit  kbactive   kbinact   kbdirty
16:19:01      2167772   2784304    891428     29.14      2576    740828    427312     13.97    502480    306536    206852

16:19:01        CPU     %user     %nice   %system   %iowait    %steal     %idle
16:19:03        all      0.38      0.00     13.65     25.26      1.15     59.57

16:19:01          tps      rtps      wtps   bread/s   bwrtn/s
16:19:03       223.00      0.00    223.00      0.00 553108.00

16:19:01    kbmemfree   kbavail kbmemused  %memused kbbuffers  kbcached  kbcommit   %commit  kbactive   kbinact   kbdirty
16:19:03      2120584   2784784    938616     30.68      2576    788528    427312     13.97    755652    101120    165608

16:19:03        CPU     %user     %nice   %system   %iowait    %steal     %idle
16:19:05        all      0.00      0.00      7.56     60.51      1.54     30.38

16:19:03          tps      rtps      wtps   bread/s   bwrtn/s
16:19:05       115.00      0.00    115.00      0.00 280100.00

16:19:03    kbmemfree   kbavail kbmemused  %memused kbbuffers  kbcached  kbcommit   %commit  kbactive   kbinact   kbdirty
16:19:05      1992092   2785348   1067108     34.88      2576    917644    427312     13.97    755908    229968    130988

16:19:05        CPU     %user     %nice   %system   %iowait    %steal     %idle
16:19:07        all      3.08      0.00      6.78     37.17     10.27     42.71

16:19:05          tps      rtps      wtps   bread/s   bwrtn/s
16:19:07       157.50      0.00    157.50      0.00 389188.00

16:19:05    kbmemfree   kbavail kbmemused  %memused kbbuffers  kbcached  kbcommit   %commit  kbactive   kbinact   kbdirty
16:19:07      2295644   2784400    763556     24.96      2576    611240    427312     13.97    461420    217952    258484

16:19:07        CPU     %user     %nice   %system   %iowait    %steal     %idle
16:19:09        all      0.13      0.00      9.41     28.88      1.02     60.56

16:19:07          tps      rtps      wtps   bread/s   bwrtn/s
16:19:09        96.50      0.00     96.50      0.00 239048.00

16:19:07    kbmemfree   kbavail kbmemused  %memused kbbuffers  kbcached  kbcommit   %commit  kbactive   kbinact   kbdirty
16:19:09      1980636   2783716   1078564     35.26      2576    927344    427312     13.97    756488    239132    140760

16:19:09        CPU     %user     %nice   %system   %iowait    %steal     %idle
16:19:11        all      0.51      0.00     12.42     27.14      2.05     57.87

16:19:09          tps      rtps      wtps   bread/s   bwrtn/s
16:19:11       261.50      0.00    261.50      0.00 650388.00

16:19:09    kbmemfree   kbavail kbmemused  %memused kbbuffers  kbcached  kbcommit   %commit  kbactive   kbinact   kbdirty
16:19:11      2225004   2783172    834196     27.27      2576    682640    427312     13.97    501280    249444    151440

16:19:11        CPU     %user     %nice   %system   %iowait    %steal     %idle
16:19:13        all      0.13      0.00      5.28     44.72      0.52     49.36

16:19:11          tps      rtps      wtps   bread/s   bwrtn/s
16:19:13        32.00      0.00     32.00      0.00  75812.00

16:19:11    kbmemfree   kbavail kbmemused  %memused kbbuffers  kbcached  kbcommit   %commit  kbactive   kbinact   kbdirty
16:19:13      1900676   2782644   1158524     37.87      2576   1006124    427312     13.97    757384    317036    219540

16:19:13        CPU     %user     %nice   %system   %iowait    %steal     %idle
16:19:15        all      0.13      0.00     11.48     32.03      1.64     54.73

16:19:13          tps      rtps      wtps   bread/s   bwrtn/s
16:19:15       211.44      0.00    211.44      0.00 530224.88

16:19:13    kbmemfree   kbavail kbmemused  %memused kbbuffers  kbcached  kbcommit   %commit  kbactive   kbinact   kbdirty
16:19:15      2117684   2784156    941516     30.78      2576    790736    427312     13.97    757884    101064    139176

16:19:15        CPU     %user     %nice   %system   %iowait    %steal     %idle
16:19:17        all      0.13      0.00      9.66     41.30      0.76     48.16

16:19:15          tps      rtps      wtps   bread/s   bwrtn/s
16:19:17        16.00      0.00     16.00      0.00  37888.00

16:19:15    kbmemfree   kbavail kbmemused  %memused kbbuffers  kbcached  kbcommit   %commit  kbactive   kbinact   kbdirty
16:19:17      2070528   2783916    988672     32.32      2576    837920    427312     13.97    758012    148060     51260

16:19:17        CPU     %user     %nice   %system   %iowait    %steal     %idle
16:19:19        all      0.38      0.00     15.18     35.01      1.38     48.06

16:19:17          tps      rtps      wtps   bread/s   bwrtn/s
16:19:19       362.50      0.00    362.50      0.00 891284.00

16:19:17    kbmemfree   kbavail kbmemused  %memused kbbuffers  kbcached  kbcommit   %commit  kbactive   kbinact   kbdirty
16:19:19      2133396   2780964    925804     30.26      2576    772168    427312     13.97    502820    337440    241408

16:19:19        CPU     %user     %nice   %system   %iowait    %steal     %idle
16:19:21        all      0.00      0.00      5.72     43.96      1.02     49.30

16:19:19          tps      rtps      wtps   bread/s   bwrtn/s
16:19:21        67.50      0.00     67.50      0.00 172800.00

16:19:19    kbmemfree   kbavail kbmemused  %memused kbbuffers  kbcached  kbcommit   %commit  kbactive   kbinact   kbdirty
16:19:21      1905588   2782644   1153612     37.71      2576   1001260    427312     13.97    758952    310508    214600

16:19:21        CPU     %user     %nice   %system   %iowait    %steal     %idle
16:19:23        all      0.25      0.00     21.21     20.96      2.65     54.92

16:19:21          tps      rtps      wtps   bread/s   bwrtn/s
16:19:23       196.52      0.00    196.52      0.00 482989.05

16:19:21    kbmemfree   kbavail kbmemused  %memused kbbuffers  kbcached  kbcommit   %commit  kbactive   kbinact   kbdirty
16:19:23      2144400   2782752    914800     29.90      2576    762856    427312     13.97    503556    327480    232148

16:19:23        CPU     %user     %nice   %system   %iowait    %steal     %idle
16:19:25        all      0.26      0.00     19.28     32.26      2.06     46.14

16:19:23          tps      rtps      wtps   bread/s   bwrtn/s
16:19:25       373.00      0.00    373.00      0.00 934264.00

16:19:23    kbmemfree   kbavail kbmemused  %memused kbbuffers  kbcached  kbcommit   %commit  kbactive   kbinact   kbdirty
16:19:25      2122660   2782960    936540     30.61      2576    784700    427312     13.97    504436    348468    253932

16:19:25        CPU     %user     %nice   %system   %iowait    %steal     %idle
16:19:27        all      0.38      0.00     27.20     19.52      2.02     50.88

16:19:25          tps      rtps      wtps   bread/s   bwrtn/s
16:19:27       184.50      0.00    184.50      0.00 454976.00

16:19:25    kbmemfree   kbavail kbmemused  %memused kbbuffers  kbcached  kbcommit   %commit  kbactive   kbinact   kbdirty
16:19:27      2114020   2782992    945180     30.90      2576    793380    427312     13.97    504860    356712    262720

16:19:27        CPU     %user     %nice   %system   %iowait    %steal     %idle
16:19:29        all      0.38      0.00     13.08     34.47      3.77     48.30

16:19:27          tps      rtps      wtps   bread/s   bwrtn/s
16:19:29       142.00      0.50    141.50     16.00 316664.00

16:19:27    kbmemfree   kbavail kbmemused  %memused kbbuffers  kbcached  kbcommit   %commit  kbactive   kbinact   kbdirty
16:19:29      2068272   2782816    990928     32.39      2576    839144    427312     13.97    761800    145384     44440

16:19:29        CPU     %user     %nice   %system   %iowait    %steal     %idle
16:19:31        all      0.13      0.00      8.35     37.28      1.54     52.70

16:19:29          tps      rtps      wtps   bread/s   bwrtn/s
16:19:31       102.49      0.00    102.49      0.00 253460.70

16:19:29    kbmemfree   kbavail kbmemused  %memused kbbuffers  kbcached  kbcommit   %commit  kbactive   kbinact   kbdirty
16:19:31      2113040   2783528    946160     30.93      2576    794864    427312     13.97    628744    234296    256248

16:19:31        CPU     %user     %nice   %system   %iowait    %steal     %idle
16:19:33        all      0.13      0.00     29.78     13.31      2.66     54.12

16:19:31          tps      rtps      wtps   bread/s   bwrtn/s
16:19:33       352.76      0.00    352.76      0.00 874291.46

16:19:31    kbmemfree   kbavail kbmemused  %memused kbbuffers  kbcached  kbcommit   %commit  kbactive   kbinact   kbdirty
16:19:33      2368940   2783500    690260     22.56      2576    538836    427312     13.97    506064    101088     25376

16:19:33        CPU     %user     %nice   %system   %iowait    %steal     %idle
16:19:35        all      0.91      0.00     17.46     28.85      1.94     50.84

16:19:33          tps      rtps      wtps   bread/s   bwrtn/s
16:19:35       213.43      0.00    213.43      0.00 539713.43

16:19:33    kbmemfree   kbavail kbmemused  %memused kbbuffers  kbcached  kbcommit   %commit  kbactive   kbinact   kbdirty
16:19:35      2167248   2783364    891952     29.16      2576    740364    427312     13.97    506216    302380    203404

16:19:35        CPU     %user     %nice   %system   %iowait    %steal     %idle
16:19:37        all      0.51      0.00     16.20     32.91      1.79     48.60

16:19:35          tps      rtps      wtps   bread/s   bwrtn/s
16:19:37       203.00      0.00    203.00      0.00 502556.00

16:19:35    kbmemfree   kbavail kbmemused  %memused kbbuffers  kbcached  kbcommit   %commit  kbactive   kbinact   kbdirty
16:19:37      1879112   2783124   1180088     38.58      2576   1028180    427312     13.97    762324    334068    235488

16:19:37        CPU     %user     %nice   %system   %iowait    %steal     %idle
16:19:39        all      0.13      0.00     17.30     26.26      1.64     54.67

16:19:37          tps      rtps      wtps   bread/s   bwrtn/s
16:19:39       237.00      0.00    237.00      0.00 589568.00

16:19:37    kbmemfree   kbavail kbmemused  %memused kbbuffers  kbcached  kbcommit   %commit  kbactive   kbinact   kbdirty
16:19:39      2076036   2783328    983164     32.14      2576    831896    427312     13.97    762872    137120     39220

16:19:39        CPU     %user     %nice   %system   %iowait    %steal     %idle
16:19:41        all      0.26      0.00      6.28     58.97      0.90     33.59

16:19:39          tps      rtps      wtps   bread/s   bwrtn/s
16:19:41       147.00      0.00    147.00      0.00 360224.00

16:19:39    kbmemfree   kbavail kbmemused  %memused kbbuffers  kbcached  kbcommit   %commit  kbactive   kbinact   kbdirty
16:19:41      2048216   2784564   1010984     33.05      2576    860712    427312     13.97    763116    165852     68172

16:19:41        CPU     %user     %nice   %system   %iowait    %steal     %idle
16:19:43        all      0.13      0.00      6.77     42.15      0.77     50.19

16:19:41          tps      rtps      wtps   bread/s   bwrtn/s
16:19:43       162.00      0.00    162.00      0.00 401152.00

16:19:41    kbmemfree   kbavail kbmemused  %memused kbbuffers  kbcached  kbcommit   %commit  kbactive   kbinact   kbdirty
16:19:43      2183712   2785548    875488     28.62      2576    726200    427312     13.97    507872    286680    189636

16:19:43        CPU     %user     %nice   %system   %iowait    %steal     %idle
16:19:45        all      0.13      0.00      5.64     26.92      0.64     66.67

16:19:43          tps      rtps      wtps   bread/s   bwrtn/s
16:19:45        48.00      0.00     48.00      0.00 116460.00

16:19:43    kbmemfree   kbavail kbmemused  %memused kbbuffers  kbcached  kbcommit   %commit  kbactive   kbinact   kbdirty
16:19:45      1864260   2785276   1194940     39.06      2576   1045276    427312     13.97    763932    349560    252564

16:19:45        CPU     %user     %nice   %system   %iowait    %steal     %idle
16:19:47        all      0.25      0.00      5.20     21.17      0.76     72.62

16:19:45          tps      rtps      wtps   bread/s   bwrtn/s
16:19:47       128.00      0.00    128.00      0.00 324628.00

16:19:45    kbmemfree   kbavail kbmemused  %memused kbbuffers  kbcached  kbcommit   %commit  kbactive   kbinact   kbdirty
16:19:47      2200452   2783820    858748     28.07      2576    707696    427312     13.97    508320    267540    170804

16:19:47        CPU     %user     %nice   %system   %iowait    %steal     %idle
16:19:49        all      0.13      0.00     18.22     21.40      1.78     58.47

16:19:47          tps      rtps      wtps   bread/s   bwrtn/s
16:19:49       289.00      0.00    289.00      0.00 723200.00

16:19:47    kbmemfree   kbavail kbmemused  %memused kbbuffers  kbcached  kbcommit   %commit  kbactive   kbinact   kbdirty
16:19:49      2120064   2783848    939136     30.70      2576    788104    427312     13.97    509220    347196    251212

16:19:49        CPU     %user     %nice   %system   %iowait    %steal     %idle
16:19:51        all      0.00      0.00      3.71     46.09      0.64     49.55

16:19:49          tps      rtps      wtps   bread/s   bwrtn/s
16:19:51       111.50      0.00    111.50      0.00 278152.00

16:19:49    kbmemfree   kbavail kbmemused  %memused kbbuffers  kbcached  kbcommit   %commit  kbactive   kbinact   kbdirty
16:19:51      1886560   2783304   1172640     38.33      2576   1021024    427312     13.97    765092    324140    228296

16:19:51        CPU     %user     %nice   %system   %iowait    %steal     %idle
16:19:53        all      0.38      0.00     16.35     32.57      2.17     48.53

16:19:51          tps      rtps      wtps   bread/s   bwrtn/s
16:19:53       268.50      0.00    268.50      0.00 670724.00

16:19:51    kbmemfree   kbavail kbmemused  %memused kbbuffers  kbcached  kbcommit   %commit  kbactive   kbinact   kbdirty
16:19:53      2003412   2783832   1055788     34.51      2576    904688    427312     13.97    765976    206968    111924

16:19:53        CPU     %user     %nice   %system   %iowait    %steal     %idle
16:19:55        all      0.39      0.00     14.45     34.71      3.10     47.35

16:19:53          tps      rtps      wtps   bread/s   bwrtn/s
16:19:55       330.00      0.00    330.00      0.00 811140.00

16:19:53    kbmemfree   kbavail kbmemused  %memused kbbuffers  kbcached  kbcommit   %commit  kbactive   kbinact   kbdirty
16:19:55      2109200   2784364    950000     31.05      2576    799524    427312     13.97    766612    101180    250664

16:19:55        CPU     %user     %nice   %system   %iowait    %steal     %idle
16:19:57        all      0.25      0.00      8.27     41.35      1.40     48.73

16:19:55          tps      rtps      wtps   bread/s   bwrtn/s
16:19:57       100.50      0.00    100.50      0.00 254396.00

16:19:55    kbmemfree   kbavail kbmemused  %memused kbbuffers  kbcached  kbcommit   %commit  kbactive   kbinact   kbdirty
16:19:57      2000560   2783704   1058640     34.61      2576    907552    427312     13.97    766884    208892    114828

16:19:57        CPU     %user     %nice   %system   %iowait    %steal     %idle
16:19:59        all      0.26      0.00     11.18     27.05      2.86     58.65

16:19:57          tps      rtps      wtps   bread/s   bwrtn/s
16:19:59       166.67      0.00    166.67      0.00 414017.91

16:19:57    kbmemfree   kbavail kbmemused  %memused kbbuffers  kbcached  kbcommit   %commit  kbactive   kbinact   kbdirty
16:19:59      2108180   2784212    951020     31.09      2576    800308    427312     13.97    767360    101192      7728

16:19:59        CPU     %user     %nice   %system   %iowait    %steal     %idle
16:20:01        all      3.18      0.00     18.81     28.46      3.18     46.38

16:19:59          tps      rtps      wtps   bread/s   bwrtn/s
16:20:01       189.45      0.00    189.45      0.00 465889.45

16:19:59    kbmemfree   kbavail kbmemused  %memused kbbuffers  kbcached  kbcommit   %commit  kbactive   kbinact   kbdirty
16:20:01      2175404   2783196    883796     28.89      2576    732392    430300     14.07    511924    288584    195880

16:20:01        CPU     %user     %nice   %system   %iowait    %steal     %idle
16:20:03        all      0.39      0.00     25.74     22.39      7.98     43.50

16:20:01          tps      rtps      wtps   bread/s   bwrtn/s
16:20:03       162.19      3.48    158.71    111.44 338368.16

16:20:01    kbmemfree   kbavail kbmemused  %memused kbbuffers  kbcached  kbcommit   %commit  kbactive   kbinact   kbdirty
16:20:03      2248648   2783916    810552     26.50      2576    659656    430300     14.07    512844    215124    114768

16:20:03        CPU     %user     %nice   %system   %iowait    %steal     %idle
16:20:05        all      0.13      0.00     27.34     15.19      1.52     55.82

16:20:03          tps      rtps      wtps   bread/s   bwrtn/s
16:20:05       158.29      0.00    158.29      0.00 353423.12

16:20:03    kbmemfree   kbavail kbmemused  %memused kbbuffers  kbcached  kbcommit   %commit  kbactive   kbinact   kbdirty
16:20:05      2414904   2784480    644296     21.06      2576    494080    430300     14.07    257040    305276    204348

16:20:05        CPU     %user     %nice   %system   %iowait    %steal     %idle
16:20:07        all      1.00      0.00     30.39     17.06      2.37     49.19

16:20:05          tps      rtps      wtps   bread/s   bwrtn/s
16:20:07       218.00      0.00    218.00      0.00 529548.00

16:20:05    kbmemfree   kbavail kbmemused  %memused kbbuffers  kbcached  kbcommit   %commit  kbactive   kbinact   kbdirty
16:20:07      2023328   2783596   1035872     33.86      2576    884888    430300     14.07    768980    183924     83688

16:20:07        CPU     %user     %nice   %system   %iowait    %steal     %idle
16:20:09        all      1.05      0.00     23.30     25.79      2.09     47.77

16:20:07          tps      rtps      wtps   bread/s   bwrtn/s
16:20:09       136.82      0.00    136.82      0.00 344485.57

16:20:07    kbmemfree   kbavail kbmemused  %memused kbbuffers  kbcached  kbcommit   %commit  kbactive   kbinact   kbdirty
16:20:09      2145132   2783732    914068     29.88      2576    762868    430300     14.07    513092    317992    218284

16:20:09        CPU     %user     %nice   %system   %iowait    %steal     %idle
16:20:11        all      0.51      0.00     23.11     23.23      2.18     50.96

16:20:09          tps      rtps      wtps   bread/s   bwrtn/s
16:20:11       113.50      0.00    113.50      0.00 283100.00

16:20:09    kbmemfree   kbavail kbmemused  %memused kbbuffers  kbcached  kbcommit   %commit  kbactive   kbinact   kbdirty
16:20:11      1998920   2783520   1060280     34.66      2576    908912    430300     14.07    769176    207972    108436

16:20:11        CPU     %user     %nice   %system   %iowait    %steal     %idle
16:20:13        all      0.39      0.00     15.92     47.50      1.54     34.66

16:20:11          tps      rtps      wtps   bread/s   bwrtn/s
16:20:13       182.50      0.00    182.50      0.00 455644.00

16:20:11    kbmemfree   kbavail kbmemused  %memused kbbuffers  kbcached  kbcommit   %commit  kbactive   kbinact   kbdirty
16:20:13      2071308   2785140    987892     32.29      2576    837900    430300     14.07    769220    137136     38208

16:20:13        CPU     %user     %nice   %system   %iowait    %steal     %idle
16:20:15        all      0.13      0.00      0.25     49.44      0.38     49.81

16:20:13          tps      rtps      wtps   bread/s   bwrtn/s
16:20:15         4.50      0.00      4.50      0.00  11520.00

16:20:13    kbmemfree   kbavail kbmemused  %memused kbbuffers  kbcached  kbcommit   %commit  kbactive   kbinact   kbdirty
16:20:15      2055840   2784848   1003360     32.80      2576    853320    430300     14.07    769120    152436     53568

16:20:15        CPU     %user     %nice   %system   %iowait    %steal     %idle
16:20:17        all      0.38      0.00      8.06     39.64      2.05     49.87

16:20:15          tps      rtps      wtps   bread/s   bwrtn/s
16:20:17       203.00      0.00    203.00      0.00 502580.00

16:20:15    kbmemfree   kbavail kbmemused  %memused kbbuffers  kbcached  kbcommit   %commit  kbactive   kbinact   kbdirty
16:20:17      2113248   2784236    945952     30.92      2576    795560    430300     14.07    513128    350580    252240

16:20:17        CPU     %user     %nice   %system   %iowait    %steal     %idle
16:20:19        all      0.13      0.00      3.52     46.54      0.63     49.18

16:20:17          tps      rtps      wtps   bread/s   bwrtn/s
16:20:19        64.00      0.00     64.00      0.00 154124.00

16:20:17    kbmemfree   kbavail kbmemused  %memused kbbuffers  kbcached  kbcommit   %commit  kbactive   kbinact   kbdirty
16:20:19      2025416   2783784   1033784     33.79      2576    882832    430300     14.07    769128    181896     83660

16:20:19        CPU     %user     %nice   %system   %iowait    %steal     %idle
16:20:21        all      0.38      0.00     17.92     17.41      1.65     62.64

16:20:19          tps      rtps      wtps   bread/s   bwrtn/s
16:20:21       325.00      0.00    325.00      0.00 802120.00

16:20:19    kbmemfree   kbavail kbmemused  %memused kbbuffers  kbcached  kbcommit   %commit  kbactive   kbinact   kbdirty
16:20:21      2312028   2784232    747172     24.42      2576    596844    430300     14.07    513024    151932     54628

16:20:21        CPU     %user     %nice   %system   %iowait    %steal     %idle
16:20:23        all      0.13      0.00      3.96     45.59      0.77     49.55

16:20:21          tps      rtps      wtps   bread/s   bwrtn/s
16:20:23        38.50      0.00     38.50      0.00  97792.00

16:20:21    kbmemfree   kbavail kbmemused  %memused kbbuffers  kbcached  kbcommit   %commit  kbactive   kbinact   kbdirty
16:20:23      1994972   2784020   1064228     34.79      2576    913432    430300     14.07    769112    212552    115264

16:20:23        CPU     %user     %nice   %system   %iowait    %steal     %idle
16:20:25        all      0.13      0.00      8.44     40.68      0.88     49.87

16:20:23          tps      rtps      wtps   bread/s   bwrtn/s
16:20:25       251.50      0.00    251.50      0.00 621900.00

16:20:23    kbmemfree   kbavail kbmemused  %memused kbbuffers  kbcached  kbcommit   %commit  kbactive   kbinact   kbdirty
16:20:25      2106520   2784368    952680     31.14      2576    802124    430300     14.07    616456    253968    260632

16:20:25        CPU     %user     %nice   %system   %iowait    %steal     %idle
16:20:27        all      0.25      0.00     12.34     36.26      3.18     47.96

16:20:25          tps      rtps      wtps   bread/s   bwrtn/s
16:20:27       148.26      0.00    148.26      0.00 371582.09

16:20:25    kbmemfree   kbavail kbmemused  %memused kbbuffers  kbcached  kbcommit   %commit  kbactive   kbinact   kbdirty
16:20:27      2152600   2783184    906600     29.64      2576    754868    430300     14.07    513384    309736    213420

16:20:27        CPU     %user     %nice   %system   %iowait    %steal     %idle
16:20:29        all      0.61      0.00     29.12     11.43     12.96     45.88

16:20:27          tps      rtps      wtps   bread/s   bwrtn/s
16:20:29       283.17      0.00    283.17      0.00 695774.26

16:20:27    kbmemfree   kbavail kbmemused  %memused kbbuffers  kbcached  kbcommit   %commit  kbactive   kbinact   kbdirty
16:20:29      2237596   2782756    821604     26.86      2576    670212    430300     14.07    575956    162308     66876

16:20:29        CPU     %user     %nice   %system   %iowait    %steal     %idle
16:20:31        all      0.13      0.00     11.61     37.88      1.40     48.98

16:20:29          tps      rtps      wtps   bread/s   bwrtn/s
16:20:31       110.50      0.00    110.50      0.00 271056.00

16:20:29    kbmemfree   kbavail kbmemused  %memused kbbuffers  kbcached  kbcommit   %commit  kbactive   kbinact   kbdirty
16:20:31      2048992   2782508   1010208     33.02      2576    858344    430300     14.07    770020    156584     61504

16:20:31        CPU     %user     %nice   %system   %iowait    %steal     %idle
16:20:33        all      0.13      0.00      7.77     41.91      1.02     49.17

16:20:31          tps      rtps      wtps   bread/s   bwrtn/s
16:20:33       196.00      0.00    196.00      0.00 480312.00

16:20:31    kbmemfree   kbavail kbmemused  %memused kbbuffers  kbcached  kbcommit   %commit  kbactive   kbinact   kbdirty
16:20:33      2142996   2783344    916204     29.95      2576    764740    430300     14.07    514584    318364    223792

16:20:33        CPU     %user     %nice   %system   %iowait    %steal     %idle
16:20:35        all      0.25      0.00     15.82     35.06      1.14     47.72

16:20:33          tps      rtps      wtps   bread/s   bwrtn/s
16:20:35       128.00      0.00    128.00      0.00 309740.00

16:20:33    kbmemfree   kbavail kbmemused  %memused kbbuffers  kbcached  kbcommit   %commit  kbactive   kbinact   kbdirty
16:20:35      1814544   2783716   1244656     40.69      2576   1093376    430300     14.07   1026860    134720     34040

16:20:35        CPU     %user     %nice   %system   %iowait    %steal     %idle
16:20:37        all      0.13      0.00     14.90     32.23      1.91     50.83

16:20:35          tps      rtps      wtps   bread/s   bwrtn/s
16:20:37       308.46      0.00    308.46      0.00 713898.51

16:20:35    kbmemfree   kbavail kbmemused  %memused kbbuffers  kbcached  kbcommit   %commit  kbactive   kbinact   kbdirty
16:20:37      2360196   2784344    699004     22.85      2576    548528    430300     14.07    515732    101124     48208

16:20:37        CPU     %user     %nice   %system   %iowait    %steal     %idle
16:20:39        all      0.38      0.00     16.08     20.76      1.77     61.01

16:20:37          tps      rtps      wtps   bread/s   bwrtn/s
16:20:39       192.50      0.00    192.50      0.00 483872.00

16:20:37    kbmemfree   kbavail kbmemused  %memused kbbuffers  kbcached  kbcommit   %commit  kbactive   kbinact   kbdirty
16:20:39      2103792   2784096    955408     31.23      2576    804524    430300     14.07    655432    217388    256812

16:20:39        CPU     %user     %nice   %system   %iowait    %steal     %idle
16:20:41        all      0.25      0.00     23.93     17.63      2.27     55.92

16:20:39          tps      rtps      wtps   bread/s   bwrtn/s
16:20:41       168.00      0.00    168.00      0.00 414620.00

16:20:39    kbmemfree   kbavail kbmemused  %memused kbbuffers  kbcached  kbcommit   %commit  kbactive   kbinact   kbdirty
16:20:41      2058996   2783748   1000204     32.69      2576    849152    430300     14.07    771768    145644     46188

16:20:41        CPU     %user     %nice   %system   %iowait    %steal     %idle
16:20:43        all      0.13      0.00      7.00     41.35      1.02     50.51

16:20:41          tps      rtps      wtps   bread/s   bwrtn/s
16:20:43        31.00      0.00     31.00      0.00  77756.00

16:20:41    kbmemfree   kbavail kbmemused  %memused kbbuffers  kbcached  kbcommit   %commit  kbactive   kbinact   kbdirty
16:20:43      1899760   2783876   1159440     37.90      2576   1008356    430300     14.07    771768    304824    205536

16:20:43        CPU     %user     %nice   %system   %iowait    %steal     %idle
16:20:45        all      0.25      0.00     10.23     37.63      2.15     49.75

16:20:43          tps      rtps      wtps   bread/s   bwrtn/s
16:20:45       152.00      0.00    152.00      0.00 385672.00

16:20:43    kbmemfree   kbavail kbmemused  %memused kbbuffers  kbcached  kbcommit   %commit  kbactive   kbinact   kbdirty
16:20:45      2067980   2784628    991220     32.40      2576    840836    430300     14.07    771748    137364     38416

16:20:45        CPU     %user     %nice   %system   %iowait    %steal     %idle
16:20:47        all      0.00      0.00      0.13     54.20      0.25     45.42

16:20:45          tps      rtps      wtps   bread/s   bwrtn/s
16:20:47         0.00      0.00      0.00      0.00      0.00

16:20:45    kbmemfree   kbavail kbmemused  %memused kbbuffers  kbcached  kbcommit   %commit  kbactive   kbinact   kbdirty
16:20:47      2052860   2784628   1006340     32.90      2576    855984    430300     14.07    771748    152484     53564

16:20:47        CPU     %user     %nice   %system   %iowait    %steal     %idle
16:20:49        all      0.25      0.00     21.30     30.45      1.38     46.62

16:20:47          tps      rtps      wtps   bread/s   bwrtn/s
16:20:49       172.00      0.00    172.00      0.00 430124.00

16:20:47    kbmemfree   kbavail kbmemused  %memused kbbuffers  kbcached  kbcommit   %commit  kbactive   kbinact   kbdirty
16:20:49      2352000   2784552    707200     23.12      2576    557228    430300     14.07    515784    109528     11308

16:20:49        CPU     %user     %nice   %system   %iowait    %steal     %idle
16:20:51        all      0.00      0.00     23.05     27.71      0.63     48.61

16:20:49          tps      rtps      wtps   bread/s   bwrtn/s
16:20:51        48.00      0.00     48.00      0.00 115168.00

16:20:49    kbmemfree   kbavail kbmemused  %memused kbbuffers  kbcached  kbcommit   %commit  kbactive   kbinact   kbdirty
16:20:51      1991536   2785036   1067664     34.90      2576    917892    430300     14.07    771764    214400    116040

16:20:51        CPU     %user     %nice   %system   %iowait    %steal     %idle
16:20:53        all      0.00      0.00      2.41     47.34      0.63     49.62

16:20:51          tps      rtps      wtps   bread/s   bwrtn/s
16:20:53       112.00      0.00    112.00      0.00 284192.00

16:20:51    kbmemfree   kbavail kbmemused  %memused kbbuffers  kbcached  kbcommit   %commit  kbactive   kbinact   kbdirty
16:20:53      2170160   2784048    889040     29.06      2576    738228    430300     14.07    515772    290720    192680

16:20:53        CPU     %user     %nice   %system   %iowait    %steal     %idle
16:20:55        all      0.77      0.00     16.03     30.90      1.67     50.64

16:20:53          tps      rtps      wtps   bread/s   bwrtn/s
16:20:55       180.50      0.00    180.50      0.00 449284.00

16:20:53    kbmemfree   kbavail kbmemused  %memused kbbuffers  kbcached  kbcommit   %commit  kbactive   kbinact   kbdirty
16:20:55      2104504   2784492    954696     31.21      2576    804440    430300     14.07    771800    100944      3416

16:20:55        CPU     %user     %nice   %system   %iowait    %steal     %idle
16:20:57        all      0.78      0.00      4.56     44.79      1.17     48.70

16:20:55          tps      rtps      wtps   bread/s   bwrtn/s
16:20:57       111.94      0.00    111.94      0.00 279211.94

16:20:55    kbmemfree   kbavail kbmemused  %memused kbbuffers  kbcached  kbcommit   %commit  kbactive   kbinact   kbdirty
16:20:57      2152608   2784048    906592     29.63      2576    755796    430300     14.07    515908    308096    210708

16:20:57        CPU     %user     %nice   %system   %iowait    %steal     %idle
16:20:59        all      0.38      0.00     12.68     36.75      1.15     49.04

16:20:57          tps      rtps      wtps   bread/s   bwrtn/s
16:20:59        95.98      0.00     95.98      0.00 244128.64

16:20:57    kbmemfree   kbavail kbmemused  %memused kbbuffers  kbcached  kbcommit   %commit  kbactive   kbinact   kbdirty
16:20:59      2063228   2785012    995972     32.56      2576    846076    430300     14.07    772140    142224     45232

16:20:59        CPU     %user     %nice   %system   %iowait    %steal     %idle
16:21:01        all      0.38      0.00      7.93     24.17      1.79     65.73

16:20:59          tps      rtps      wtps   bread/s   bwrtn/s
16:21:01       155.22      0.00    155.22      0.00 386419.90

16:20:59    kbmemfree   kbavail kbmemused  %memused kbbuffers  kbcached  kbcommit   %commit  kbactive   kbinact   kbdirty
16:21:01      1959520   2783992   1099680     35.95      2576    948736    430300     14.07    772512    244540    147892

16:21:01        CPU     %user     %nice   %system   %iowait    %steal     %idle
16:21:03        all      0.89      0.00     19.08     29.90      2.04     48.09

16:21:01          tps      rtps      wtps   bread/s   bwrtn/s
16:21:03       302.00      0.00    302.00      0.00 748100.00

16:21:01    kbmemfree   kbavail kbmemused  %memused kbbuffers  kbcached  kbcommit   %commit  kbactive   kbinact   kbdirty
16:21:03      2020620   2783728   1038580     33.95      2576    887472    430300     14.07    773284    182480     86616

16:21:03        CPU     %user     %nice   %system   %iowait    %steal     %idle
16:21:05        all      0.13      0.00      5.61     42.04      1.02     51.21

16:21:03          tps      rtps      wtps   bread/s   bwrtn/s
16:21:05       111.50      0.00    111.50      0.00 277404.00

16:21:03    kbmemfree   kbavail kbmemused  %memused kbbuffers  kbcached  kbcommit   %commit  kbactive   kbinact   kbdirty
16:21:05      1977036   2783784   1082164     35.37      2576    931016    430300     14.07    773420    225920    130164

16:21:05        CPU     %user     %nice   %system   %iowait    %steal     %idle
16:21:07        all      0.93      0.00     14.89     15.82      3.99     64.36

16:21:05          tps      rtps      wtps   bread/s   bwrtn/s
16:21:07       218.50      0.00    218.50      0.00 541996.00

16:21:05    kbmemfree   kbavail kbmemused  %memused kbbuffers  kbcached  kbcommit   %commit  kbactive   kbinact   kbdirty
16:21:07      2328356   2784656    730844     23.89      2576    580628    430300     14.07    515656    133416    261904

16:21:07        CPU     %user     %nice   %system   %iowait    %steal     %idle
16:21:09        all      0.25      0.00     16.31     31.08      2.04     50.32

16:21:07          tps      rtps      wtps   bread/s   bwrtn/s
16:21:09       233.00      0.00    233.00      0.00 540880.00

16:21:07    kbmemfree   kbavail kbmemused  %memused kbbuffers  kbcached  kbcommit   %commit  kbactive   kbinact   kbdirty
16:21:09      2240084   2783896    819116     26.78      2576    668828    430300     14.07    519044    218180    117796

16:21:09        CPU     %user     %nice   %system   %iowait    %steal     %idle
16:21:11        all      0.26      0.00      8.34     41.21      1.54     48.65

16:21:09          tps      rtps      wtps   bread/s   bwrtn/s
16:21:11       108.00      0.00    108.00      0.00 265144.00

16:21:09    kbmemfree   kbavail kbmemused  %memused kbbuffers  kbcached  kbcommit   %commit  kbactive   kbinact   kbdirty
16:21:11      2100748   2783884    958452     31.33      2576    807564    430300     14.07    774952    100872    222388

16:21:11        CPU     %user     %nice   %system   %iowait    %steal     %idle
16:21:13        all      0.13      0.00      7.24     42.82      1.40     48.41

16:21:11          tps      rtps      wtps   bread/s   bwrtn/s
16:21:13       128.00      0.00    128.00      0.00 317424.00

16:21:11    kbmemfree   kbavail kbmemused  %memused kbbuffers  kbcached  kbcommit   %commit  kbactive   kbinact   kbdirty
16:21:13      2064880   2783792    994320     32.50      2576    843188    430300     14.07    775064    136416     36384

16:21:13        CPU     %user     %nice   %system   %iowait    %steal     %idle
16:21:15        all      0.13      0.00      8.58     37.52      0.77     53.01

16:21:13          tps      rtps      wtps   bread/s   bwrtn/s
16:21:15       183.00      0.00    183.00      0.00 456432.00

16:21:13    kbmemfree   kbavail kbmemused  %memused kbbuffers  kbcached  kbcommit   %commit  kbactive   kbinact   kbdirty
16:21:15      2258988   2784076    800212     26.16      2576    649424    430300     14.07    519064    198768     99292

16:21:15        CPU     %user     %nice   %system   %iowait    %steal     %idle
16:21:17        all      0.13      0.00     14.41     33.55      1.02     50.89

16:21:15          tps      rtps      wtps   bread/s   bwrtn/s
16:21:17       127.00      0.00    127.00      0.00 315696.00

16:21:15    kbmemfree   kbavail kbmemused  %memused kbbuffers  kbcached  kbcommit   %commit  kbactive   kbinact   kbdirty
16:21:17      2100888   2784176    958312     31.33      2576    807736    430300     14.07    763208    112852    257612

16:21:17        CPU     %user     %nice   %system   %iowait    %steal     %idle
16:21:19        all      0.00      0.00     15.36     31.60      1.14     51.90

16:21:17          tps      rtps      wtps   bread/s   bwrtn/s
16:21:19       108.50      0.00    108.50      0.00 274676.00

16:21:17    kbmemfree   kbavail kbmemused  %memused kbbuffers  kbcached  kbcommit   %commit  kbactive   kbinact   kbdirty
16:21:19      2039444   2783952   1019756     33.33      2576    868812    430300     14.07    775556    161588     62680

16:21:19        CPU     %user     %nice   %system   %iowait    %steal     %idle
16:21:21        all      0.13      0.00      0.38     49.56      0.13     49.81

16:21:19          tps      rtps      wtps   bread/s   bwrtn/s
16:21:21        14.50      0.00     14.50      0.00  37120.00

16:21:19    kbmemfree   kbavail kbmemused  %memused kbbuffers  kbcached  kbcommit   %commit  kbactive   kbinact   kbdirty
16:21:21      2023976   2783848   1035224     33.84      2576    884208    430300     14.07    775560    176948     78076

16:21:21        CPU     %user     %nice   %system   %iowait    %steal     %idle
16:21:23        all      0.13      0.00     17.72     32.78      1.90     47.47

16:21:21          tps      rtps      wtps   bread/s   bwrtn/s
16:21:23       235.00      0.00    235.00      0.00 583004.00

16:21:21    kbmemfree   kbavail kbmemused  %memused kbbuffers  kbcached  kbcommit   %commit  kbactive   kbinact   kbdirty
16:21:23      2100056   2784204    959144     31.35      2576    808572    430300     14.07    551796    325148    258320

16:21:23        CPU     %user     %nice   %system   %iowait    %steal     %idle
16:21:25        all      3.81      0.00     27.16     19.29      1.40     48.35

16:21:23          tps      rtps      wtps   bread/s   bwrtn/s
16:21:25        53.50      0.00     53.50      0.00 125052.00

16:21:23    kbmemfree   kbavail kbmemused  %memused kbbuffers  kbcached  kbcommit   %commit  kbactive   kbinact   kbdirty
16:21:25      2357748   2786244    701452     22.93      2576    550820    383380     12.53    298240    319888      2772

16:21:25        CPU     %user     %nice   %system   %iowait    %steal     %idle
16:21:27        all      0.63      0.00      1.26     10.94      0.25     86.92

16:21:25          tps      rtps      wtps   bread/s   bwrtn/s
16:21:27        63.50      0.00     63.50      0.00 159616.00

16:21:25    kbmemfree   kbavail kbmemused  %memused kbbuffers  kbcached  kbcommit   %commit  kbactive   kbinact   kbdirty
16:21:27      2614096   2786880    445104     14.55      2576    295108    383380     12.53    263680     98736      3188



Average:        CPU     %user     %nice   %system   %iowait    %steal     %idle
Average:        all      0.51      0.00     14.49     32.23      2.02     50.76

Average:          tps      rtps      wtps   bread/s   bwrtn/s
Average:       163.53      0.05    163.48      1.59 403030.18

Average:    kbmemfree   kbavail kbmemused  %memused kbbuffers  kbcached  kbcommit   %commit  kbactive   kbinact   kbdirty
Average:      2133969   2784046    925231     30.24      2576    774464    427226     13.97    616824    225798    147120
