Linux 5.4.0-91-generic (spgw-u) 	08/12/21 	_x86_64_	(4 CPU)

11:53:01        CPU     %user     %nice   %system   %iowait    %steal     %idle
11:53:03        all      0.75      0.00      0.25      0.00      0.25     98.75

11:53:01          tps      rtps      wtps   bread/s   bwrtn/s
11:53:03         0.00      0.00      0.00      0.00      0.00

11:53:01    kbmemfree   kbavail kbmemused  %memused kbbuffers  kbcached  kbcommit   %commit  kbactive   kbinact   kbdirty
11:53:03      2428664   2773212    630536     20.61      2588    466136    420532     13.75    413328    129788       232

11:53:03        CPU     %user     %nice   %system   %iowait    %steal     %idle
11:53:05        all      0.50      0.00      0.75      0.00      0.13     98.62

11:53:03          tps      rtps      wtps   bread/s   bwrtn/s
11:53:05         0.00      0.00      0.00      0.00      0.00

11:53:03    kbmemfree   kbavail kbmemused  %memused kbbuffers  kbcached  kbcommit   %commit  kbactive   kbinact   kbdirty
11:53:05      2427732   2772300    631468     20.64      2588    466140    420532     13.75    414880    129768       232

11:53:05        CPU     %user     %nice   %system   %iowait    %steal     %idle
11:53:07        all      0.50      0.00      2.27      0.00      1.39     95.84

11:53:05          tps      rtps      wtps   bread/s   bwrtn/s
11:53:07         0.00      0.00      0.00      0.00      0.00

11:53:05    kbmemfree   kbavail kbmemused  %memused kbbuffers  kbcached  kbcommit   %commit  kbactive   kbinact   kbdirty
11:53:07      2427796   2772404    631404     20.64      2588    466180    420532     13.75    414988    129740       264

11:53:07        CPU     %user     %nice   %system   %iowait    %steal     %idle
11:53:09        all      0.38      0.00      2.51      0.00      2.01     95.10

11:53:07          tps      rtps      wtps   bread/s   bwrtn/s
11:53:09         0.00      0.00      0.00      0.00      0.00

11:53:07    kbmemfree   kbavail kbmemused  %memused kbbuffers  kbcached  kbcommit   %commit  kbactive   kbinact   kbdirty
11:53:09      2427604   2772212    631596     20.65      2588    466180    420532     13.75    414988    129740       264

11:53:09        CPU     %user     %nice   %system   %iowait    %steal     %idle
11:53:11        all      0.63      0.00      2.50      0.00      4.63     92.24

11:53:09          tps      rtps      wtps   bread/s   bwrtn/s
11:53:11         0.00      0.00      0.00      0.00      0.00

11:53:09    kbmemfree   kbavail kbmemused  %memused kbbuffers  kbcached  kbcommit   %commit  kbactive   kbinact   kbdirty
11:53:11      2427508   2772116    631692     20.65      2588    466180    420532     13.75    414988    129740       264

11:53:11        CPU     %user     %nice   %system   %iowait    %steal     %idle
11:53:13        all      0.25      0.00      2.83      0.00      5.54     91.39

11:53:11          tps      rtps      wtps   bread/s   bwrtn/s
11:53:13         0.00      0.00      0.00      0.00      0.00

11:53:11    kbmemfree   kbavail kbmemused  %memused kbbuffers  kbcached  kbcommit   %commit  kbactive   kbinact   kbdirty
11:53:13      2427604   2772212    631596     20.65      2588    466184    420532     13.75    414988    129740       268

11:53:13        CPU     %user     %nice   %system   %iowait    %steal     %idle
11:53:15        all      0.25      0.00      2.11      0.00      4.35     93.28

11:53:13          tps      rtps      wtps   bread/s   bwrtn/s
11:53:15         0.00      0.00      0.00      0.00      0.00

11:53:13    kbmemfree   kbavail kbmemused  %memused kbbuffers  kbcached  kbcommit   %commit  kbactive   kbinact   kbdirty
11:53:15      2427508   2772116    631692     20.65      2588    466184    420532     13.75    414988    129740       268

11:53:15        CPU     %user     %nice   %system   %iowait    %steal     %idle
11:53:17        all      0.12      0.00      1.99      0.00      6.34     91.54

11:53:15          tps      rtps      wtps   bread/s   bwrtn/s
11:53:17         0.00      0.00      0.00      0.00      0.00

11:53:15    kbmemfree   kbavail kbmemused  %memused kbbuffers  kbcached  kbcommit   %commit  kbactive   kbinact   kbdirty
11:53:17      2427508   2772116    631692     20.65      2588    466184    420532     13.75    414988    129740       268

11:53:17        CPU     %user     %nice   %system   %iowait    %steal     %idle
11:53:19        all      0.50      0.00      2.76      0.00      5.01     91.73

11:53:17          tps      rtps      wtps   bread/s   bwrtn/s
11:53:19         0.00      0.00      0.00      0.00      0.00

11:53:17    kbmemfree   kbavail kbmemused  %memused kbbuffers  kbcached  kbcommit   %commit  kbactive   kbinact   kbdirty
11:53:19      2427508   2772116    631692     20.65      2588    466188    420532     13.75    414988    129740       272

11:53:19        CPU     %user     %nice   %system   %iowait    %steal     %idle
11:53:21        all      0.62      0.00      2.62      0.00      4.62     92.13

11:53:19          tps      rtps      wtps   bread/s   bwrtn/s
11:53:21         0.00      0.00      0.00      0.00      0.00

11:53:19    kbmemfree   kbavail kbmemused  %memused kbbuffers  kbcached  kbcommit   %commit  kbactive   kbinact   kbdirty
11:53:21      2427444   2772052    631756     20.65      2588    466192    420532     13.75    415012    129740       276

11:53:21        CPU     %user     %nice   %system   %iowait    %steal     %idle
11:53:23        all      0.38      0.00      2.51      0.00      2.01     95.10

11:53:21          tps      rtps      wtps   bread/s   bwrtn/s
11:53:23         0.00      0.00      0.00      0.00      0.00

11:53:21    kbmemfree   kbavail kbmemused  %memused kbbuffers  kbcached  kbcommit   %commit  kbactive   kbinact   kbdirty
11:53:23      2427348   2771956    631852     20.65      2588    466192    420532     13.75    415012    129740       276

11:53:23        CPU     %user     %nice   %system   %iowait    %steal     %idle
11:53:25        all      0.50      0.00      2.26      0.00      1.64     95.60

11:53:23          tps      rtps      wtps   bread/s   bwrtn/s
11:53:25         0.00      0.00      0.00      0.00      0.00

11:53:23    kbmemfree   kbavail kbmemused  %memused kbbuffers  kbcached  kbcommit   %commit  kbactive   kbinact   kbdirty
11:53:25      2427508   2772116    631692     20.65      2588    466196    420532     13.75    415012    129740       280

11:53:25        CPU     %user     %nice   %system   %iowait    %steal     %idle
11:53:27        all      0.38      0.00      1.89      0.00      4.55     93.18

11:53:25          tps      rtps      wtps   bread/s   bwrtn/s
11:53:27         0.00      0.00      0.00      0.00      0.00

11:53:25    kbmemfree   kbavail kbmemused  %memused kbbuffers  kbcached  kbcommit   %commit  kbactive   kbinact   kbdirty
11:53:27      2427508   2772116    631692     20.65      2588    466196    420532     13.75    415012    129740       280

11:53:27        CPU     %user     %nice   %system   %iowait    %steal     %idle
11:53:29        all      0.62      0.00      2.11      0.00      4.34     92.93

11:53:27          tps      rtps      wtps   bread/s   bwrtn/s
11:53:29         0.00      0.00      0.00      0.00      0.00

11:53:27    kbmemfree   kbavail kbmemused  %memused kbbuffers  kbcached  kbcommit   %commit  kbactive   kbinact   kbdirty
11:53:29      2427436   2772044    631764     20.65      2588    466200    420532     13.75    415012    129740       284

11:53:29        CPU     %user     %nice   %system   %iowait    %steal     %idle
11:53:31        all      0.63      0.00      2.77      0.00      3.90     92.70

11:53:29          tps      rtps      wtps   bread/s   bwrtn/s
11:53:31         0.00      0.00      0.00      0.00      0.00

11:53:29    kbmemfree   kbavail kbmemused  %memused kbbuffers  kbcached  kbcommit   %commit  kbactive   kbinact   kbdirty
11:53:31      2427468   2772076    631732     20.65      2588    466200    420532     13.75    415012    129740       284

11:53:31        CPU     %user     %nice   %system   %iowait    %steal     %idle
11:53:33        all      0.51      0.00      4.06      0.63      4.57     90.23

11:53:31          tps      rtps      wtps   bread/s   bwrtn/s
11:53:33         7.00      0.00      7.00      0.00   2856.00

11:53:31    kbmemfree   kbavail kbmemused  %memused kbbuffers  kbcached  kbcommit   %commit  kbactive   kbinact   kbdirty
11:53:33      2427184   2772212    632016     20.66      2588    466604    420532     13.75    415336    129852       160

11:53:33        CPU     %user     %nice   %system   %iowait    %steal     %idle
11:53:35        all      0.00      0.00      2.97      0.49      5.32     91.22

11:53:33          tps      rtps      wtps   bread/s   bwrtn/s
11:53:35        10.50      0.00     10.50      0.00    164.00

11:53:33    kbmemfree   kbavail kbmemused  %memused kbbuffers  kbcached  kbcommit   %commit  kbactive   kbinact   kbdirty
11:53:35      2426932   2772216    632268     20.67      2588    466864    420532     13.75    415528    129916       276

11:53:35        CPU     %user     %nice   %system   %iowait    %steal     %idle
11:53:37        all      0.62      0.00      2.35      0.00      7.28     89.75

11:53:35          tps      rtps      wtps   bread/s   bwrtn/s
11:53:37         0.00      0.00      0.00      0.00      0.00

11:53:35    kbmemfree   kbavail kbmemused  %memused kbbuffers  kbcached  kbcommit   %commit  kbactive   kbinact   kbdirty
11:53:37      2426996   2772280    632204     20.67      2588    466864    420532     13.75    415528    129916       280

11:53:37        CPU     %user     %nice   %system   %iowait    %steal     %idle
11:53:39        all      0.53      0.00      2.63      0.00      4.60     92.25

11:53:37          tps      rtps      wtps   bread/s   bwrtn/s
11:53:39         0.00      0.00      0.00      0.00      0.00

11:53:37    kbmemfree   kbavail kbmemused  %memused kbbuffers  kbcached  kbcommit   %commit  kbactive   kbinact   kbdirty
11:53:39      2426900   2772188    632300     20.67      2588    466868    420532     13.75    415564    129888       284

11:53:39        CPU     %user     %nice   %system   %iowait    %steal     %idle
11:53:41        all      0.87      0.00      2.50      0.00      8.86     87.77

11:53:39          tps      rtps      wtps   bread/s   bwrtn/s
11:53:41         0.00      0.00      0.00      0.00      0.00

11:53:39    kbmemfree   kbavail kbmemused  %memused kbbuffers  kbcached  kbcommit   %commit  kbactive   kbinact   kbdirty
11:53:41      2427028   2772316    632172     20.66      2588    466868    420532     13.75    415568    129884       284

11:53:41        CPU     %user     %nice   %system   %iowait    %steal     %idle
11:53:43        all      0.38      0.00      2.26      0.00      4.64     92.72

11:53:41          tps      rtps      wtps   bread/s   bwrtn/s
11:53:43         0.00      0.00      0.00      0.00      0.00

11:53:41    kbmemfree   kbavail kbmemused  %memused kbbuffers  kbcached  kbcommit   %commit  kbactive   kbinact   kbdirty
11:53:43      2426672   2771968    632528     20.68      2588    466868    420532     13.75    415620    129884       284

11:53:43        CPU     %user     %nice   %system   %iowait    %steal     %idle
11:53:45        all      0.25      0.00      2.39      0.00      2.90     94.46

11:53:43          tps      rtps      wtps   bread/s   bwrtn/s
11:53:45         0.00      0.00      0.00      0.00      0.00

11:53:43    kbmemfree   kbavail kbmemused  %memused kbbuffers  kbcached  kbcommit   %commit  kbactive   kbinact   kbdirty
11:53:45      2426680   2771976    632520     20.68      2588    466868    420532     13.75    415620    129884       284

11:53:45        CPU     %user     %nice   %system   %iowait    %steal     %idle
11:53:47        all      1.49      0.00      3.97      0.00      7.56     86.99

11:53:45          tps      rtps      wtps   bread/s   bwrtn/s
11:53:47         0.00      0.00      0.00      0.00      0.00

11:53:45    kbmemfree   kbavail kbmemused  %memused kbbuffers  kbcached  kbcommit   %commit  kbactive   kbinact   kbdirty
11:53:47      2426992   2772288    632208     20.67      2588    466872    420532     13.75    415624    129884       288

11:53:47        CPU     %user     %nice   %system   %iowait    %steal     %idle
11:53:49        all      0.50      0.00      3.40      0.00      3.40     92.70

11:53:47          tps      rtps      wtps   bread/s   bwrtn/s
11:53:49         0.00      0.00      0.00      0.00      0.00

11:53:47    kbmemfree   kbavail kbmemused  %memused kbbuffers  kbcached  kbcommit   %commit  kbactive   kbinact   kbdirty
11:53:49      2426896   2772192    632304     20.67      2588    466872    420532     13.75    415624    129884       288

11:53:49        CPU     %user     %nice   %system   %iowait    %steal     %idle
11:53:51        all      0.37      0.00      3.11      0.00      6.21     90.31

11:53:49          tps      rtps      wtps   bread/s   bwrtn/s
11:53:51         0.00      0.00      0.00      0.00      0.00

11:53:49    kbmemfree   kbavail kbmemused  %memused kbbuffers  kbcached  kbcommit   %commit  kbactive   kbinact   kbdirty
11:53:51      2426928   2772228    632272     20.67      2588    466880    420532     13.75    415644    129868       296

11:53:51        CPU     %user     %nice   %system   %iowait    %steal     %idle
11:53:53        all      4.92      0.00      7.92      0.00     21.73     65.43

11:53:51          tps      rtps      wtps   bread/s   bwrtn/s
11:53:53         0.00      0.00      0.00      0.00      0.00

11:53:51    kbmemfree   kbavail kbmemused  %memused kbbuffers  kbcached  kbcommit   %commit  kbactive   kbinact   kbdirty
11:53:53      2426896   2772196    632304     20.67      2588    466880    420532     13.75    415668    129852       296

11:53:53        CPU     %user     %nice   %system   %iowait    %steal     %idle
11:53:55        all      1.82      0.00      9.96      0.00     23.28     64.94

11:53:53          tps      rtps      wtps   bread/s   bwrtn/s
11:53:55         1.69      0.00      1.69      0.00     27.12

11:53:53    kbmemfree   kbavail kbmemused  %memused kbbuffers  kbcached  kbcommit   %commit  kbactive   kbinact   kbdirty
11:53:55      2426896   2772220    632304     20.67      2588    466912    420532     13.75    415704    129852       304

11:53:55        CPU     %user     %nice   %system   %iowait    %steal     %idle
11:53:57        all      1.61      0.00      3.23      0.00      7.08     88.07

11:53:55          tps      rtps      wtps   bread/s   bwrtn/s
11:53:57         0.00      0.00      0.00      0.00      0.00

11:53:55    kbmemfree   kbavail kbmemused  %memused kbbuffers  kbcached  kbcommit   %commit  kbactive   kbinact   kbdirty
11:53:57      2426904   2772228    632296     20.67      2588    466912    420532     13.75    415704    129852       312

11:53:57        CPU     %user     %nice   %system   %iowait    %steal     %idle
11:53:59        all      0.38      0.00      2.39      0.00      3.64     93.59

11:53:57          tps      rtps      wtps   bread/s   bwrtn/s
11:53:59         0.00      0.00      0.00      0.00      0.00

11:53:57    kbmemfree   kbavail kbmemused  %memused kbbuffers  kbcached  kbcommit   %commit  kbactive   kbinact   kbdirty
11:53:59      2426920   2772244    632280     20.67      2588    466912    420532     13.75    415704    129852       312

11:53:59        CPU     %user     %nice   %system   %iowait    %steal     %idle
11:54:01        all      0.49      0.00      3.71      0.00      7.79     88.01

11:53:59          tps      rtps      wtps   bread/s   bwrtn/s
11:54:01         0.98      0.00      0.98      0.00      7.80

11:53:59    kbmemfree   kbavail kbmemused  %memused kbbuffers  kbcached  kbcommit   %commit  kbactive   kbinact   kbdirty
11:54:01      2426784   2772108    632416     20.67      2588    466928    420532     13.75    415708    129852       320

11:54:01        CPU     %user     %nice   %system   %iowait    %steal     %idle
11:54:03        all      0.90      0.00      3.98      0.00      6.93     88.19

11:54:01          tps      rtps      wtps   bread/s   bwrtn/s
11:54:03         0.00      0.00      0.00      0.00      0.00

11:54:01    kbmemfree   kbavail kbmemused  %memused kbbuffers  kbcached  kbcommit   %commit  kbactive   kbinact   kbdirty
11:54:03      2426832   2772176    632368     20.67      2588    466932    420532     13.75    415728    129852       332

11:54:03        CPU     %user     %nice   %system   %iowait    %steal     %idle
11:54:05        all      0.36      0.00      2.55      0.00      4.13     92.96

11:54:03          tps      rtps      wtps   bread/s   bwrtn/s
11:54:05         1.46      0.00      1.46      0.00     15.61

11:54:03    kbmemfree   kbavail kbmemused  %memused kbbuffers  kbcached  kbcommit   %commit  kbactive   kbinact   kbdirty
11:54:05      2426856   2772216    632344     20.67      2588    466968    420532     13.75    415744    129852       352

11:54:05        CPU     %user     %nice   %system   %iowait    %steal     %idle
11:54:07        all      0.63      0.00      4.57      1.02     13.58     80.20

11:54:05          tps      rtps      wtps   bread/s   bwrtn/s
11:54:07         7.00      0.00      7.00      0.00   3400.00

11:54:05    kbmemfree   kbavail kbmemused  %memused kbbuffers  kbcached  kbcommit   %commit  kbactive   kbinact   kbdirty
11:54:07      2426612   2772388    632588     20.68      2588    467368    420532     13.75    416176    129844       108

11:54:07        CPU     %user     %nice   %system   %iowait    %steal     %idle
11:54:09        all      0.38      0.00      1.89      0.00      3.53     94.20

11:54:07          tps      rtps      wtps   bread/s   bwrtn/s
11:54:09         0.00      0.00      0.00      0.00      0.00

11:54:07    kbmemfree   kbavail kbmemused  %memused kbbuffers  kbcached  kbcommit   %commit  kbactive   kbinact   kbdirty
11:54:09      2426524   2772348    632676     20.68      2588    467416    420532     13.75    416248    129820         8

11:54:09        CPU     %user     %nice   %system   %iowait    %steal     %idle
11:54:11        all      0.25      0.00      2.52      0.00      3.02     94.21

11:54:09          tps      rtps      wtps   bread/s   bwrtn/s
11:54:11         0.00      0.00      0.00      0.00      0.00

11:54:09    kbmemfree   kbavail kbmemused  %memused kbbuffers  kbcached  kbcommit   %commit  kbactive   kbinact   kbdirty
11:54:11      2426556   2772380    632644     20.68      2588    467416    420532     13.75    416248    129820         8

11:54:11        CPU     %user     %nice   %system   %iowait    %steal     %idle
11:54:13        all      0.25      0.00      1.53      0.00      1.40     96.82

11:54:11          tps      rtps      wtps   bread/s   bwrtn/s
11:54:13         0.00      0.00      0.00      0.00      0.00

11:54:11    kbmemfree   kbavail kbmemused  %memused kbbuffers  kbcached  kbcommit   %commit  kbactive   kbinact   kbdirty
11:54:13      2426588   2772416    632612     20.68      2588    467420    420532     13.75    416256    129820        12

11:54:13        CPU     %user     %nice   %system   %iowait    %steal     %idle
11:54:15        all      0.12      0.00      2.10      0.00      5.20     92.57

11:54:13          tps      rtps      wtps   bread/s   bwrtn/s
11:54:15         0.00      0.00      0.00      0.00      0.00

11:54:13    kbmemfree   kbavail kbmemused  %memused kbbuffers  kbcached  kbcommit   %commit  kbactive   kbinact   kbdirty
11:54:15      2426588   2772416    632612     20.68      2588    467420    420532     13.75    416256    129820        12

11:54:15        CPU     %user     %nice   %system   %iowait    %steal     %idle
11:54:17        all      0.13      0.00      2.01      0.00      2.51     95.36

11:54:15          tps      rtps      wtps   bread/s   bwrtn/s
11:54:17         0.00      0.00      0.00      0.00      0.00

11:54:15    kbmemfree   kbavail kbmemused  %memused kbbuffers  kbcached  kbcommit   %commit  kbactive   kbinact   kbdirty
11:54:17      2426588   2772416    632612     20.68      2588    467420    420532     13.75    416256    129820        12

11:54:17        CPU     %user     %nice   %system   %iowait    %steal     %idle
11:54:19        all      0.76      0.00      1.65      0.00      3.54     94.05

11:54:17          tps      rtps      wtps   bread/s   bwrtn/s
11:54:19         0.00      0.00      0.00      0.00      0.00

11:54:17    kbmemfree   kbavail kbmemused  %memused kbbuffers  kbcached  kbcommit   %commit  kbactive   kbinact   kbdirty
11:54:19      2426556   2772388    632644     20.68      2588    467424    420532     13.75    416260    129820        16

11:54:19        CPU     %user     %nice   %system   %iowait    %steal     %idle
11:54:21        all      0.25      0.00      2.42      0.00      3.05     94.27

11:54:19          tps      rtps      wtps   bread/s   bwrtn/s
11:54:21         0.00      0.00      0.00      0.00      0.00

11:54:19    kbmemfree   kbavail kbmemused  %memused kbbuffers  kbcached  kbcommit   %commit  kbactive   kbinact   kbdirty
11:54:21      2426556   2772392    632644     20.68      2588    467428    420532     13.75    416264    129820        20

11:54:21        CPU     %user     %nice   %system   %iowait    %steal     %idle
11:54:23        all      1.89      0.00      2.97      0.00     11.07     84.08

11:54:21          tps      rtps      wtps   bread/s   bwrtn/s
11:54:23         0.00      0.00      0.00      0.00      0.00

11:54:21    kbmemfree   kbavail kbmemused  %memused kbbuffers  kbcached  kbcommit   %commit  kbactive   kbinact   kbdirty
11:54:23      2426452   2772288    632748     20.68      2588    467428    420532     13.75    416264    129820        20

11:54:23        CPU     %user     %nice   %system   %iowait    %steal     %idle
11:54:25        all      0.38      0.00      2.03      0.00      2.16     95.43

11:54:23          tps      rtps      wtps   bread/s   bwrtn/s
11:54:25         0.00      0.00      0.00      0.00      0.00

11:54:23    kbmemfree   kbavail kbmemused  %memused kbbuffers  kbcached  kbcommit   %commit  kbactive   kbinact   kbdirty
11:54:25      2426420   2772260    632780     20.68      2588    467432    420532     13.75    416276    129820        24

11:54:25        CPU     %user     %nice   %system   %iowait    %steal     %idle
11:54:27        all      0.13      0.00      2.26      0.00      4.53     93.08

11:54:25          tps      rtps      wtps   bread/s   bwrtn/s
11:54:27         0.00      0.00      0.00      0.00      0.00

11:54:25    kbmemfree   kbavail kbmemused  %memused kbbuffers  kbcached  kbcommit   %commit  kbactive   kbinact   kbdirty
11:54:27      2426292   2772132    632908     20.69      2588    467432    420532     13.75    416276    129820        24

11:54:27        CPU     %user     %nice   %system   %iowait    %steal     %idle
11:54:29        all      0.50      0.00      2.51      0.00      3.51     93.48

11:54:27          tps      rtps      wtps   bread/s   bwrtn/s
11:54:29         0.00      0.00      0.00      0.00      0.00

11:54:27    kbmemfree   kbavail kbmemused  %memused kbbuffers  kbcached  kbcommit   %commit  kbactive   kbinact   kbdirty
11:54:29      2426420   2772260    632780     20.68      2588    467432    420532     13.75    416276    129820        24

11:54:29        CPU     %user     %nice   %system   %iowait    %steal     %idle
11:54:31        all      0.13      0.00      2.41      0.00      6.99     90.47

11:54:29          tps      rtps      wtps   bread/s   bwrtn/s
11:54:31         0.00      0.00      0.00      0.00      0.00

11:54:29    kbmemfree   kbavail kbmemused  %memused kbbuffers  kbcached  kbcommit   %commit  kbactive   kbinact   kbdirty
11:54:31      2426388   2772232    632812     20.69      2588    467436    420532     13.75    416276    129824        28

11:54:31        CPU     %user     %nice   %system   %iowait    %steal     %idle
11:54:33        all      0.37      0.00      2.24      0.00      4.97     92.42

11:54:31          tps      rtps      wtps   bread/s   bwrtn/s
11:54:33         0.00      0.00      0.00      0.00      0.00

11:54:31    kbmemfree   kbavail kbmemused  %memused kbbuffers  kbcached  kbcommit   %commit  kbactive   kbinact   kbdirty
11:54:33      2426232   2772076    632968     20.69      2588    467436    420532     13.75    416280    129820        28

11:54:33        CPU     %user     %nice   %system   %iowait    %steal     %idle
11:54:35        all      0.25      0.00      1.64      0.00      2.90     95.20

11:54:33          tps      rtps      wtps   bread/s   bwrtn/s
11:54:35         0.00      0.00      0.00      0.00      0.00

11:54:33    kbmemfree   kbavail kbmemused  %memused kbbuffers  kbcached  kbcommit   %commit  kbactive   kbinact   kbdirty
11:54:35      2425948   2771792    633252     20.70      2588    467436    420532     13.75    416296    129820        28

11:54:35        CPU     %user     %nice   %system   %iowait    %steal     %idle
11:54:37        all      0.75      0.00      2.13      0.00      4.76     92.37

11:54:35          tps      rtps      wtps   bread/s   bwrtn/s
11:54:37         0.00      0.00      0.00      0.00      0.00

11:54:35    kbmemfree   kbavail kbmemused  %memused kbbuffers  kbcached  kbcommit   %commit  kbactive   kbinact   kbdirty
11:54:37      2426044   2771892    633156     20.70      2588    467444    420532     13.75    416300    129824        36

11:54:37        CPU     %user     %nice   %system   %iowait    %steal     %idle
11:54:39        all      0.61      0.00      2.44      0.00      5.97     90.99

11:54:37          tps      rtps      wtps   bread/s   bwrtn/s
11:54:39         0.00      0.00      0.00      0.00      0.00

11:54:37    kbmemfree   kbavail kbmemused  %memused kbbuffers  kbcached  kbcommit   %commit  kbactive   kbinact   kbdirty
11:54:39      2425916   2771764    633284     20.70      2588    467444    420532     13.75    416308    129820        36

11:54:39        CPU     %user     %nice   %system   %iowait    %steal     %idle
11:54:41        all      0.38      0.00      2.81      0.00      7.91     88.90

11:54:39          tps      rtps      wtps   bread/s   bwrtn/s
11:54:41         1.50      0.00      1.50      0.00     36.00

11:54:39    kbmemfree   kbavail kbmemused  %memused kbbuffers  kbcached  kbcommit   %commit  kbactive   kbinact   kbdirty
11:54:41      2426044   2771992    633156     20.70      2588    467604    420532     13.75    416376    129868       164

11:54:41        CPU     %user     %nice   %system   %iowait    %steal     %idle
11:54:43        all      0.13      0.00      2.40      0.00      5.06     92.41

11:54:41          tps      rtps      wtps   bread/s   bwrtn/s
11:54:43         0.00      0.00      0.00      0.00      0.00

11:54:41    kbmemfree   kbavail kbmemused  %memused kbbuffers  kbcached  kbcommit   %commit  kbactive   kbinact   kbdirty
11:54:43      2425980   2771928    633220     20.70      2588    467604    420532     13.75    416376    129868       168

11:54:43        CPU     %user     %nice   %system   %iowait    %steal     %idle
11:54:45        all      0.25      0.00      2.52      0.00      3.40     93.83

11:54:43          tps      rtps      wtps   bread/s   bwrtn/s
11:54:45         0.00      0.00      0.00      0.00      0.00

11:54:43    kbmemfree   kbavail kbmemused  %memused kbbuffers  kbcached  kbcommit   %commit  kbactive   kbinact   kbdirty
11:54:45      2426012   2771992    633188     20.70      2588    467608    420532     13.75    416392    129884       172

11:54:45        CPU     %user     %nice   %system   %iowait    %steal     %idle
11:54:47        all      0.38      0.00      2.76      0.00      1.75     95.11

11:54:45          tps      rtps      wtps   bread/s   bwrtn/s
11:54:47         0.00      0.00      0.00      0.00      0.00

11:54:45    kbmemfree   kbavail kbmemused  %memused kbbuffers  kbcached  kbcommit   %commit  kbactive   kbinact   kbdirty
11:54:47      2425940   2771920    633260     20.70      2588    467608    420532     13.75    416392    129884       172

11:54:47        CPU     %user     %nice   %system   %iowait    %steal     %idle
11:54:49        all      0.50      0.00      1.98      0.00      4.83     92.70

11:54:47          tps      rtps      wtps   bread/s   bwrtn/s
11:54:49         0.00      0.00      0.00      0.00      0.00

11:54:47    kbmemfree   kbavail kbmemused  %memused kbbuffers  kbcached  kbcommit   %commit  kbactive   kbinact   kbdirty
11:54:49      2426004   2771984    633196     20.70      2588    467608    420532     13.75    416392    129884       172

11:54:49        CPU     %user     %nice   %system   %iowait    %steal     %idle
11:54:51        all      0.25      0.00      2.24      0.00      4.11     93.40

11:54:49          tps      rtps      wtps   bread/s   bwrtn/s
11:54:51         0.00      0.00      0.00      0.00      0.00

11:54:49    kbmemfree   kbavail kbmemused  %memused kbbuffers  kbcached  kbcommit   %commit  kbactive   kbinact   kbdirty
11:54:51      2426068   2772048    633132     20.70      2588    467616    420532     13.75    416392    129884       180

11:54:51        CPU     %user     %nice   %system   %iowait    %steal     %idle
11:54:53        all      0.37      0.00      3.08      0.00      6.52     90.04

11:54:51          tps      rtps      wtps   bread/s   bwrtn/s
11:54:53         0.00      0.00      0.00      0.00      0.00

11:54:51    kbmemfree   kbavail kbmemused  %memused kbbuffers  kbcached  kbcommit   %commit  kbactive   kbinact   kbdirty
11:54:53      2426124   2772104    633076     20.69      2588    467616    420532     13.75    416392    129884       180

11:54:53        CPU     %user     %nice   %system   %iowait    %steal     %idle
11:54:55        all      0.50      0.00      2.51      0.00      3.14     93.85

11:54:53          tps      rtps      wtps   bread/s   bwrtn/s
11:54:55         0.00      0.00      0.00      0.00      0.00

11:54:53    kbmemfree   kbavail kbmemused  %memused kbbuffers  kbcached  kbcommit   %commit  kbactive   kbinact   kbdirty
11:54:55      2426124   2772160    633076     20.69      2588    467620    420532     13.75    416452    129884       184

11:54:55        CPU     %user     %nice   %system   %iowait    %steal     %idle
11:54:57        all      0.25      0.00      2.50      0.00      2.00     95.24

11:54:55          tps      rtps      wtps   bread/s   bwrtn/s
11:54:57         0.00      0.00      0.00      0.00      0.00

11:54:55    kbmemfree   kbavail kbmemused  %memused kbbuffers  kbcached  kbcommit   %commit  kbactive   kbinact   kbdirty
11:54:57      2426156   2772192    633044     20.69      2588    467620    420532     13.75    416456    129884       184

11:54:57        CPU     %user     %nice   %system   %iowait    %steal     %idle
11:54:59        all      0.39      0.00      2.20      0.00      7.65     89.75

11:54:57          tps      rtps      wtps   bread/s   bwrtn/s
11:54:59         0.00      0.00      0.00      0.00      0.00

11:54:57    kbmemfree   kbavail kbmemused  %memused kbbuffers  kbcached  kbcommit   %commit  kbactive   kbinact   kbdirty
11:54:59      2426060   2772096    633140     20.70      2588    467620    420532     13.75    416456    129884       184

11:54:59        CPU     %user     %nice   %system   %iowait    %steal     %idle
11:55:01        all      4.21      0.00      7.58      0.00      7.58     80.62

11:54:59          tps      rtps      wtps   bread/s   bwrtn/s
11:55:01         0.00      0.00      0.00      0.00      0.00

11:54:59    kbmemfree   kbavail kbmemused  %memused kbbuffers  kbcached  kbcommit   %commit  kbactive   kbinact   kbdirty
11:55:01      2424704   2770760    634496     20.74      2588    467652    423604     13.85    417416    129868       332

11:55:01        CPU     %user     %nice   %system   %iowait    %steal     %idle
11:55:04        all      4.96      0.00      5.21      0.00     18.81     71.03

11:55:01          tps      rtps      wtps   bread/s   bwrtn/s
11:55:04         0.00      0.00      0.00      0.00      0.00

11:55:01    kbmemfree   kbavail kbmemused  %memused kbbuffers  kbcached  kbcommit   %commit  kbactive   kbinact   kbdirty
11:55:04      2424736   2770872    634464     20.74      2588    467712    423604     13.85    416556    129900       456

11:55:04        CPU     %user     %nice   %system   %iowait    %steal     %idle
11:55:06        all      4.08      0.00      5.06      0.00     30.66     60.20

11:55:04          tps      rtps      wtps   bread/s   bwrtn/s
11:55:06         0.00      0.00      0.00      0.00      0.00

11:55:04    kbmemfree   kbavail kbmemused  %memused kbbuffers  kbcached  kbcommit   %commit  kbactive   kbinact   kbdirty
11:55:06      2424800   2770948    634400     20.74      2588    467712    423604     13.85    416580    129888       456

11:55:06        CPU     %user     %nice   %system   %iowait    %steal     %idle
11:55:08        all      0.38      0.00      3.14      0.00      6.15     90.34

11:55:06          tps      rtps      wtps   bread/s   bwrtn/s
11:55:08         0.00      0.00      0.00      0.00      0.00

11:55:06    kbmemfree   kbavail kbmemused  %memused kbbuffers  kbcached  kbcommit   %commit  kbactive   kbinact   kbdirty
11:55:08      2424768   2770920    634432     20.74      2588    467716    423604     13.85    416596    129876       460

11:55:08        CPU     %user     %nice   %system   %iowait    %steal     %idle
11:55:10        all      0.50      0.00      2.24      0.00      9.45     87.81

11:55:08          tps      rtps      wtps   bread/s   bwrtn/s
11:55:10         0.00      0.00      0.00      0.00      0.00

11:55:08    kbmemfree   kbavail kbmemused  %memused kbbuffers  kbcached  kbcommit   %commit  kbactive   kbinact   kbdirty
11:55:10      2424704   2770856    634496     20.74      2588    467716    423604     13.85    416600    129872       460

11:55:10        CPU     %user     %nice   %system   %iowait    %steal     %idle
11:55:12        all      0.81      0.00      3.65      0.00      8.65     86.89

11:55:10          tps      rtps      wtps   bread/s   bwrtn/s
11:55:12         1.00      0.00      1.00      0.00     32.00

11:55:10    kbmemfree   kbavail kbmemused  %memused kbbuffers  kbcached  kbcommit   %commit  kbactive   kbinact   kbdirty
11:55:12      2424736   2770892    634464     20.74      2588    467720    423604     13.85    416604    129876       452

11:55:12        CPU     %user     %nice   %system   %iowait    %steal     %idle
11:55:14        all      0.13      0.00      2.27      0.00      2.77     94.84

11:55:12          tps      rtps      wtps   bread/s   bwrtn/s
11:55:14         0.00      0.00      0.00      0.00      0.00

11:55:12    kbmemfree   kbavail kbmemused  %memused kbbuffers  kbcached  kbcommit   %commit  kbactive   kbinact   kbdirty
11:55:14      2424736   2770892    634464     20.74      2588    467720    423604     13.85    416604    129876       440

11:55:14        CPU     %user     %nice   %system   %iowait    %steal     %idle
11:55:16        all      0.25      0.00      3.00      1.25      4.01     91.49

11:55:14          tps      rtps      wtps   bread/s   bwrtn/s
11:55:16        13.00      0.00     13.00      0.00   3208.00

11:55:14    kbmemfree   kbavail kbmemused  %memused kbbuffers  kbcached  kbcommit   %commit  kbactive   kbinact   kbdirty
11:55:16      2424672   2771292    634528     20.74      2588    468184    423604     13.85    416984    129968       200

11:55:16        CPU     %user     %nice   %system   %iowait    %steal     %idle
11:55:18        all      0.13      0.00      2.65      0.00      4.16     93.06

11:55:16          tps      rtps      wtps   bread/s   bwrtn/s
11:55:18         0.00      0.00      0.00      0.00      0.00

11:55:16    kbmemfree   kbavail kbmemused  %memused kbbuffers  kbcached  kbcommit   %commit  kbactive   kbinact   kbdirty
11:55:18      2424672   2771296    634528     20.74      2588    468188    423604     13.85    416992    129968       204

11:55:18        CPU     %user     %nice   %system   %iowait    %steal     %idle
11:55:20        all      0.12      0.00      2.60      0.00      5.57     91.71

11:55:18          tps      rtps      wtps   bread/s   bwrtn/s
11:55:20         0.00      0.00      0.00      0.00      0.00

11:55:18    kbmemfree   kbavail kbmemused  %memused kbbuffers  kbcached  kbcommit   %commit  kbactive   kbinact   kbdirty
11:55:20      2424544   2771168    634656     20.75      2588    468188    423604     13.85    416992    129968       204

11:55:20        CPU     %user     %nice   %system   %iowait    %steal     %idle
11:55:22        all      0.25      0.00      1.76      0.00      4.40     93.59

11:55:20          tps      rtps      wtps   bread/s   bwrtn/s
11:55:22         0.00      0.00      0.00      0.00      0.00

11:55:20    kbmemfree   kbavail kbmemused  %memused kbbuffers  kbcached  kbcommit   %commit  kbactive   kbinact   kbdirty
11:55:22      2424640   2771264    634560     20.74      2588    468188    423604     13.85    416992    129968       204

11:55:22        CPU     %user     %nice   %system   %iowait    %steal     %idle
11:55:24        all      0.38      0.00      1.63      0.00      2.63     95.37

11:55:22          tps      rtps      wtps   bread/s   bwrtn/s
11:55:24         0.00      0.00      0.00      0.00      0.00

11:55:22    kbmemfree   kbavail kbmemused  %memused kbbuffers  kbcached  kbcommit   %commit  kbactive   kbinact   kbdirty
11:55:24      2424640   2771268    634560     20.74      2588    468196    423604     13.85    416996    129968       212

11:55:24        CPU     %user     %nice   %system   %iowait    %steal     %idle
11:55:26        all      0.50      0.00      2.35      0.00      3.72     93.43

11:55:24          tps      rtps      wtps   bread/s   bwrtn/s
11:55:26         0.00      0.00      0.00      0.00      0.00

11:55:24    kbmemfree   kbavail kbmemused  %memused kbbuffers  kbcached  kbcommit   %commit  kbactive   kbinact   kbdirty
11:55:26      2424784   2771416    634416     20.74      2588    468196    423604     13.85    417004    129968       212

11:55:26        CPU     %user     %nice   %system   %iowait    %steal     %idle
11:55:28        all      0.25      0.00      2.72      0.00      4.21     92.82

11:55:26          tps      rtps      wtps   bread/s   bwrtn/s
11:55:28         0.00      0.00      0.00      0.00      0.00

11:55:26    kbmemfree   kbavail kbmemused  %memused kbbuffers  kbcached  kbcommit   %commit  kbactive   kbinact   kbdirty
11:55:28      2424784   2771420    634416     20.74      2588    468200    423604     13.85    417008    129968       216

11:55:28        CPU     %user     %nice   %system   %iowait    %steal     %idle
11:55:30        all      0.50      0.00      1.86      0.00      3.84     93.81

11:55:28          tps      rtps      wtps   bread/s   bwrtn/s
11:55:30         0.00      0.00      0.00      0.00      0.00

11:55:28    kbmemfree   kbavail kbmemused  %memused kbbuffers  kbcached  kbcommit   %commit  kbactive   kbinact   kbdirty
11:55:30      2424720   2771356    634480     20.74      2588    468200    423604     13.85    417008    129968       216

11:55:30        CPU     %user     %nice   %system   %iowait    %steal     %idle
11:55:32        all      0.49      0.00      2.47      0.00      5.55     91.49

11:55:30          tps      rtps      wtps   bread/s   bwrtn/s
11:55:32         0.00      0.00      0.00      0.00      0.00

11:55:30    kbmemfree   kbavail kbmemused  %memused kbbuffers  kbcached  kbcommit   %commit  kbactive   kbinact   kbdirty
11:55:32      2424720   2771356    634480     20.74      2588    468200    423604     13.85    417024    129968       216

11:55:32        CPU     %user     %nice   %system   %iowait    %steal     %idle
11:55:34        all      0.25      0.00      2.58      0.61      5.77     90.80

11:55:32          tps      rtps      wtps   bread/s   bwrtn/s
11:55:34        15.00      0.00     15.00      0.00    192.00

11:55:32    kbmemfree   kbavail kbmemused  %memused kbbuffers  kbcached  kbcommit   %commit  kbactive   kbinact   kbdirty
11:55:34      2424280   2771156    634920     20.75      2588    468444    423604     13.85    417232    130000       268

11:55:34        CPU     %user     %nice   %system   %iowait    %steal     %idle
11:55:36        all      0.38      0.00      2.01      0.00      5.26     92.36

11:55:34          tps      rtps      wtps   bread/s   bwrtn/s
11:55:36         0.00      0.00      0.00      0.00      0.00

11:55:34    kbmemfree   kbavail kbmemused  %memused kbbuffers  kbcached  kbcommit   %commit  kbactive   kbinact   kbdirty
11:55:36      2424312   2771188    634888     20.75      2588    468448    423604     13.85    417232    130000       272

11:55:36        CPU     %user     %nice   %system   %iowait    %steal     %idle
11:55:38        all      0.75      0.00      3.14      0.00      3.39     92.72

11:55:36          tps      rtps      wtps   bread/s   bwrtn/s
11:55:38         1.50      0.00      1.50      0.00     32.00

11:55:36    kbmemfree   kbavail kbmemused  %memused kbbuffers  kbcached  kbcommit   %commit  kbactive   kbinact   kbdirty
11:55:38      2424280   2771244    634920     20.75      2588    468528    423604     13.85    417288    130032       324

11:55:38        CPU     %user     %nice   %system   %iowait    %steal     %idle
11:55:40        all      0.38      0.00      2.26      0.00      1.63     95.73

11:55:38          tps      rtps      wtps   bread/s   bwrtn/s
11:55:40         0.00      0.00      0.00      0.00      0.00

11:55:38    kbmemfree   kbavail kbmemused  %memused kbbuffers  kbcached  kbcommit   %commit  kbactive   kbinact   kbdirty
11:55:40      2424312   2771276    634888     20.75      2588    468532    423604     13.85    417288    130032       332

11:55:40        CPU     %user     %nice   %system   %iowait    %steal     %idle
11:55:42        all      0.25      0.00      2.27      0.00      1.26     96.21

11:55:40          tps      rtps      wtps   bread/s   bwrtn/s
11:55:42         0.00      0.00      0.00      0.00      0.00

11:55:40    kbmemfree   kbavail kbmemused  %memused kbbuffers  kbcached  kbcommit   %commit  kbactive   kbinact   kbdirty
11:55:42      2424248   2771212    634952     20.76      2588    468536    423604     13.85    417288    130032       336

11:55:42        CPU     %user     %nice   %system   %iowait    %steal     %idle
11:55:44        all      0.38      0.00      2.25      0.00      3.12     94.25

11:55:42          tps      rtps      wtps   bread/s   bwrtn/s
11:55:44         1.00      0.00      1.00      0.00     16.00

11:55:42    kbmemfree   kbavail kbmemused  %memused kbbuffers  kbcached  kbcommit   %commit  kbactive   kbinact   kbdirty
11:55:44      2424280   2771244    634920     20.75      2588    468536    423604     13.85    417304    130016       320

11:55:44        CPU     %user     %nice   %system   %iowait    %steal     %idle
11:55:46        all      0.37      0.00      1.62      0.00      4.36     93.65

11:55:44          tps      rtps      wtps   bread/s   bwrtn/s
11:55:46         0.00      0.00      0.00      0.00      0.00

11:55:44    kbmemfree   kbavail kbmemused  %memused kbbuffers  kbcached  kbcommit   %commit  kbactive   kbinact   kbdirty
11:55:46      2424216   2771180    634984     20.76      2588    468540    423604     13.85    417308    130016       332

11:55:46        CPU     %user     %nice   %system   %iowait    %steal     %idle
11:55:48        all      0.13      0.00      2.89      0.00      2.52     94.47

11:55:46          tps      rtps      wtps   bread/s   bwrtn/s
11:55:48         1.00      0.00      1.00      0.00     12.00

11:55:46    kbmemfree   kbavail kbmemused  %memused kbbuffers  kbcached  kbcommit   %commit  kbactive   kbinact   kbdirty
11:55:48      2424312   2771276    634888     20.75      2588    468540    423604     13.85    417308    130016       320

11:55:48        CPU     %user     %nice   %system   %iowait    %steal     %idle
11:55:50        all      0.25      0.00      2.63      0.00      3.01     94.11

11:55:48          tps      rtps      wtps   bread/s   bwrtn/s
11:55:50         0.00      0.00      0.00      0.00      0.00

11:55:48    kbmemfree   kbavail kbmemused  %memused kbbuffers  kbcached  kbcommit   %commit  kbactive   kbinact   kbdirty
11:55:50      2424312   2771276    634888     20.75      2588    468544    423604     13.85    417308    130016       332

11:55:50        CPU     %user     %nice   %system   %iowait    %steal     %idle
11:55:52        all      0.37      0.00      2.47      0.00      4.33     92.83

11:55:50          tps      rtps      wtps   bread/s   bwrtn/s
11:55:52         0.00      0.00      0.00      0.00      0.00

11:55:50    kbmemfree   kbavail kbmemused  %memused kbbuffers  kbcached  kbcommit   %commit  kbactive   kbinact   kbdirty
11:55:52      2424184   2771148    635016     20.76      2588    468544    423604     13.85    417312    130016       332

11:55:52        CPU     %user     %nice   %system   %iowait    %steal     %idle
11:55:54        all      0.37      0.00      2.87      0.00      3.87     92.89

11:55:52          tps      rtps      wtps   bread/s   bwrtn/s
11:55:54         1.49      0.00      1.49      0.00     15.92

11:55:52    kbmemfree   kbavail kbmemused  %memused kbbuffers  kbcached  kbcommit   %commit  kbactive   kbinact   kbdirty
11:55:54      2424280   2771260    634920     20.75      2588    468564    423604     13.85    417344    130000       340

11:55:54        CPU     %user     %nice   %system   %iowait    %steal     %idle
11:55:56        all      4.64      0.00      7.16      0.00     11.67     76.53

11:55:54          tps      rtps      wtps   bread/s   bwrtn/s
11:55:56         0.00      0.00      0.00      0.00      0.00

11:55:54    kbmemfree   kbavail kbmemused  %memused kbbuffers  kbcached  kbcommit   %commit  kbactive   kbinact   kbdirty
11:55:56      2424376   2771356    634824     20.75      2588    468568    423604     13.85    417344    130000       348

11:55:56        CPU     %user     %nice   %system   %iowait    %steal     %idle
11:55:58        all      0.76      0.00      2.65      0.00      3.54     93.05

11:55:56          tps      rtps      wtps   bread/s   bwrtn/s
11:55:58         0.00      0.00      0.00      0.00      0.00

11:55:56    kbmemfree   kbavail kbmemused  %memused kbbuffers  kbcached  kbcommit   %commit  kbactive   kbinact   kbdirty
11:55:58      2424280   2771260    634920     20.75      2588    468568    423604     13.85    417344    130000       348

11:55:58        CPU     %user     %nice   %system   %iowait    %steal     %idle
11:56:00        all      0.87      0.00      2.11      0.00      5.96     91.06

11:55:58          tps      rtps      wtps   bread/s   bwrtn/s
11:56:00         1.00      0.00      1.00      0.00     12.00

11:55:58    kbmemfree   kbavail kbmemused  %memused kbbuffers  kbcached  kbcommit   %commit  kbactive   kbinact   kbdirty
11:56:00      2424304   2771308    634896     20.75      2588    468568    423604     13.85    417380    130000       392

11:56:00        CPU     %user     %nice   %system   %iowait    %steal     %idle
11:56:02        all      0.62      0.00      2.21      0.00      5.54     91.64

11:56:00          tps      rtps      wtps   bread/s   bwrtn/s
11:56:02         0.00      0.00      0.00      0.00      0.00

11:56:00    kbmemfree   kbavail kbmemused  %memused kbbuffers  kbcached  kbcommit   %commit  kbactive   kbinact   kbdirty
11:56:02      2424184   2771188    635016     20.76      2588    468568    423604     13.85    417380    130000       396

11:56:02        CPU     %user     %nice   %system   %iowait    %steal     %idle
11:56:04        all      0.38      0.00      3.75      1.38      6.63     87.86

11:56:02          tps      rtps      wtps   bread/s   bwrtn/s
11:56:04        10.00      0.00     10.00      0.00   3432.00

11:56:02    kbmemfree   kbavail kbmemused  %memused kbbuffers  kbcached  kbcommit   %commit  kbactive   kbinact   kbdirty
11:56:04      2423808   2771292    635392     20.77      2588    469052    423604     13.85    417844    130016        64

11:56:04        CPU     %user     %nice   %system   %iowait    %steal     %idle
11:56:06        all      0.63      0.00      3.39      0.00      4.02     91.97

11:56:04          tps      rtps      wtps   bread/s   bwrtn/s
11:56:06         0.00      0.00      0.00      0.00      0.00

11:56:04    kbmemfree   kbavail kbmemused  %memused kbbuffers  kbcached  kbcommit   %commit  kbactive   kbinact   kbdirty
11:56:06      2423712   2771196    635488     20.77      2588    469052    423604     13.85    417844    130016        64

11:56:06        CPU     %user     %nice   %system   %iowait    %steal     %idle
11:56:08        all      0.37      0.00      3.44      0.00      5.29     90.90

11:56:06          tps      rtps      wtps   bread/s   bwrtn/s
11:56:08         0.00      0.00      0.00      0.00      0.00

11:56:06    kbmemfree   kbavail kbmemused  %memused kbbuffers  kbcached  kbcommit   %commit  kbactive   kbinact   kbdirty
11:56:08      2423648   2771132    635552     20.78      2588    469052    423604     13.85    417848    130016        64

11:56:08        CPU     %user     %nice   %system   %iowait    %steal     %idle
11:56:10        all      0.51      0.00      2.78      0.00      5.18     91.53

11:56:08          tps      rtps      wtps   bread/s   bwrtn/s
11:56:10         0.00      0.00      0.00      0.00      0.00

11:56:08    kbmemfree   kbavail kbmemused  %memused kbbuffers  kbcached  kbcommit   %commit  kbactive   kbinact   kbdirty
11:56:10      2423396   2770880    635804     20.78      2588    469060    423604     13.85    417848    130016        72

11:56:10        CPU     %user     %nice   %system   %iowait    %steal     %idle
11:56:12        all      0.51      0.00      2.15      0.00      2.28     95.06

11:56:10          tps      rtps      wtps   bread/s   bwrtn/s
11:56:12         0.00      0.00      0.00      0.00      0.00

11:56:10    kbmemfree   kbavail kbmemused  %memused kbbuffers  kbcached  kbcommit   %commit  kbactive   kbinact   kbdirty
11:56:12      2423588   2771072    635612     20.78      2588    469060    423604     13.85    417848    130016        72

11:56:12        CPU     %user     %nice   %system   %iowait    %steal     %idle
11:56:14        all      0.25      0.00      2.14      0.00      2.27     95.34

11:56:12          tps      rtps      wtps   bread/s   bwrtn/s
11:56:14         0.00      0.00      0.00      0.00      0.00

11:56:12    kbmemfree   kbavail kbmemused  %memused kbbuffers  kbcached  kbcommit   %commit  kbactive   kbinact   kbdirty
11:56:14      2423652   2771136    635548     20.77      2588    469064    423604     13.85    417848    130016        76

11:56:14        CPU     %user     %nice   %system   %iowait    %steal     %idle
11:56:16        all      0.25      0.00      2.25      0.00      4.63     92.87

11:56:14          tps      rtps      wtps   bread/s   bwrtn/s
11:56:16         0.00      0.00      0.00      0.00      0.00

11:56:14    kbmemfree   kbavail kbmemused  %memused kbbuffers  kbcached  kbcommit   %commit  kbactive   kbinact   kbdirty
11:56:16      2423524   2771008    635676     20.78      2588    469064    423604     13.85    417848    130016        76

11:56:16        CPU     %user     %nice   %system   %iowait    %steal     %idle
11:56:18        all      0.25      0.00      1.61      0.00      6.68     91.46

11:56:16          tps      rtps      wtps   bread/s   bwrtn/s
11:56:18         0.00      0.00      0.00      0.00      0.00

11:56:16    kbmemfree   kbavail kbmemused  %memused kbbuffers  kbcached  kbcommit   %commit  kbactive   kbinact   kbdirty
11:56:18      2423588   2771072    635612     20.78      2588    469064    423604     13.85    417848    130016        76

11:56:18        CPU     %user     %nice   %system   %iowait    %steal     %idle
11:56:20        all      0.25      0.00      2.35      0.00      8.77     88.64

11:56:18          tps      rtps      wtps   bread/s   bwrtn/s
11:56:20         0.00      0.00      0.00      0.00      0.00

11:56:18    kbmemfree   kbavail kbmemused  %memused kbbuffers  kbcached  kbcommit   %commit  kbactive   kbinact   kbdirty
11:56:20      2423460   2770944    635740     20.78      2588    469064    423604     13.85    417848    130016        76

11:56:20        CPU     %user     %nice   %system   %iowait    %steal     %idle
11:56:22        all      0.75      0.00      2.62      0.00      3.12     93.50

11:56:20          tps      rtps      wtps   bread/s   bwrtn/s
11:56:22         0.00      0.00      0.00      0.00      0.00

11:56:20    kbmemfree   kbavail kbmemused  %memused kbbuffers  kbcached  kbcommit   %commit  kbactive   kbinact   kbdirty
11:56:22      2423364   2770848    635836     20.78      2588    469064    423604     13.85    417848    130016        76

11:56:22        CPU     %user     %nice   %system   %iowait    %steal     %idle
11:56:24        all      0.38      0.00      2.41      0.00      1.01     96.20

11:56:22          tps      rtps      wtps   bread/s   bwrtn/s
11:56:24         0.00      0.00      0.00      0.00      0.00

11:56:22    kbmemfree   kbavail kbmemused  %memused kbbuffers  kbcached  kbcommit   %commit  kbactive   kbinact   kbdirty
11:56:24      2423428   2770912    635772     20.78      2588    469064    423604     13.85    417848    130016        76

11:56:24        CPU     %user     %nice   %system   %iowait    %steal     %idle
11:56:26        all      0.38      0.00      2.29      0.00      1.27     96.05

11:56:24          tps      rtps      wtps   bread/s   bwrtn/s
11:56:26         0.00      0.00      0.00      0.00      0.00

11:56:24    kbmemfree   kbavail kbmemused  %memused kbbuffers  kbcached  kbcommit   %commit  kbactive   kbinact   kbdirty
11:56:26      2423420   2770904    635780     20.78      2588    469068    423604     13.85    417848    130016        80

11:56:26        CPU     %user     %nice   %system   %iowait    %steal     %idle
11:56:28        all      0.51      0.00      1.77      0.00      2.15     95.56

11:56:26          tps      rtps      wtps   bread/s   bwrtn/s
11:56:28         0.00      0.00      0.00      0.00      0.00

11:56:26    kbmemfree   kbavail kbmemused  %memused kbbuffers  kbcached  kbcommit   %commit  kbactive   kbinact   kbdirty
11:56:28      2423452   2770936    635748     20.78      2588    469068    423604     13.85    417848    130016        80

11:56:28        CPU     %user     %nice   %system   %iowait    %steal     %idle
11:56:30        all      0.38      0.00      2.40      0.00      2.27     94.96

11:56:28          tps      rtps      wtps   bread/s   bwrtn/s
11:56:30         0.00      0.00      0.00      0.00      0.00

11:56:28    kbmemfree   kbavail kbmemused  %memused kbbuffers  kbcached  kbcommit   %commit  kbactive   kbinact   kbdirty
11:56:30      2423356   2770840    635844     20.78      2588    469068    423604     13.85    417848    130016        80

11:56:30        CPU     %user     %nice   %system   %iowait    %steal     %idle
11:56:32        all      0.75      0.00      2.13      0.00      5.63     91.49

11:56:30          tps      rtps      wtps   bread/s   bwrtn/s
11:56:32         0.00      0.00      0.00      0.00      0.00

11:56:30    kbmemfree   kbavail kbmemused  %memused kbbuffers  kbcached  kbcommit   %commit  kbactive   kbinact   kbdirty
11:56:32      2423540   2771024    635660     20.78      2588    469072    423604     13.85    417848    130016        84

11:56:32        CPU     %user     %nice   %system   %iowait    %steal     %idle
11:56:34        all      0.37      0.00      3.20      0.86      4.19     91.38

11:56:32          tps      rtps      wtps   bread/s   bwrtn/s
11:56:34         6.97      0.00      6.97      0.00     83.58

11:56:32    kbmemfree   kbavail kbmemused  %memused kbbuffers  kbcached  kbcommit   %commit  kbactive   kbinact   kbdirty
11:56:34      2423256   2770800    635944     20.79      2588    469184    423604     13.85    417848    130076        96

11:56:34        CPU     %user     %nice   %system   %iowait    %steal     %idle
11:56:36        all      0.63      0.00      2.03      0.00      6.33     91.01

11:56:34          tps      rtps      wtps   bread/s   bwrtn/s
11:56:36         0.00      0.00      0.00      0.00      0.00

11:56:34    kbmemfree   kbavail kbmemused  %memused kbbuffers  kbcached  kbcommit   %commit  kbactive   kbinact   kbdirty
11:56:36      2423192   2770832    636008     20.79      2588    469312    423604     13.85    417916    130136       248

11:56:36        CPU     %user     %nice   %system   %iowait    %steal     %idle
11:56:38        all      0.63      0.00      2.26      0.00      5.39     91.73

11:56:36          tps      rtps      wtps   bread/s   bwrtn/s
11:56:38         0.00      0.00      0.00      0.00      0.00

11:56:36    kbmemfree   kbavail kbmemused  %memused kbbuffers  kbcached  kbcommit   %commit  kbactive   kbinact   kbdirty
11:56:38      2423288   2770932    635912     20.79      2588    469312    423604     13.85    417968    130092       248

11:56:38        CPU     %user     %nice   %system   %iowait    %steal     %idle
11:56:40        all      0.25      0.00      2.35      0.00      6.07     91.33

11:56:38          tps      rtps      wtps   bread/s   bwrtn/s
11:56:40         0.00      0.00      0.00      0.00      0.00

11:56:38    kbmemfree   kbavail kbmemused  %memused kbbuffers  kbcached  kbcommit   %commit  kbactive   kbinact   kbdirty
11:56:40      2423264   2770964    635936     20.79      2588    469316    423604     13.85    418012    130112       252

11:56:40        CPU     %user     %nice   %system   %iowait    %steal     %idle
11:56:42        all      0.50      0.00      2.13      0.00      3.51     93.85

11:56:40          tps      rtps      wtps   bread/s   bwrtn/s
11:56:42         0.00      0.00      0.00      0.00      0.00

11:56:40    kbmemfree   kbavail kbmemused  %memused kbbuffers  kbcached  kbcommit   %commit  kbactive   kbinact   kbdirty
11:56:42      2423392   2771092    635808     20.78      2588    469320    423604     13.85    418012    130112       256

11:56:42        CPU     %user     %nice   %system   %iowait    %steal     %idle
11:56:44        all      0.13      0.00      2.04      0.00      1.78     96.05

11:56:42          tps      rtps      wtps   bread/s   bwrtn/s
11:56:44         0.00      0.00      0.00      0.00      0.00

11:56:42    kbmemfree   kbavail kbmemused  %memused kbbuffers  kbcached  kbcommit   %commit  kbactive   kbinact   kbdirty
11:56:44      2423232   2770932    635968     20.79      2588    469320    423604     13.85    418012    130112       256

11:56:44        CPU     %user     %nice   %system   %iowait    %steal     %idle
11:56:46        all      0.62      0.00      1.99      0.00      2.99     94.40

11:56:44          tps      rtps      wtps   bread/s   bwrtn/s
11:56:46         0.00      0.00      0.00      0.00      0.00

11:56:44    kbmemfree   kbavail kbmemused  %memused kbbuffers  kbcached  kbcommit   %commit  kbactive   kbinact   kbdirty
11:56:46      2423232   2770932    635968     20.79      2588    469320    423604     13.85    418012    130112       256

11:56:46        CPU     %user     %nice   %system   %iowait    %steal     %idle
11:56:48        all      1.12      0.00      2.74      0.00      3.62     92.52

11:56:46          tps      rtps      wtps   bread/s   bwrtn/s
11:56:48         0.00      0.00      0.00      0.00      0.00

11:56:46    kbmemfree   kbavail kbmemused  %memused kbbuffers  kbcached  kbcommit   %commit  kbactive   kbinact   kbdirty
11:56:48      2423232   2770932    635968     20.79      2588    469320    423604     13.85    418012    130112       256

11:56:48        CPU     %user     %nice   %system   %iowait    %steal     %idle
11:56:50        all      0.38      0.00      2.52      0.00      3.78     93.32

11:56:48          tps      rtps      wtps   bread/s   bwrtn/s
11:56:50         0.00      0.00      0.00      0.00      0.00

11:56:48    kbmemfree   kbavail kbmemused  %memused kbbuffers  kbcached  kbcommit   %commit  kbactive   kbinact   kbdirty
11:56:50      2423232   2770932    635968     20.79      2588    469320    423604     13.85    418012    130112       256

11:56:50        CPU     %user     %nice   %system   %iowait    %steal     %idle
11:56:52        all      0.38      0.00      2.88      0.00      5.75     91.00

11:56:50          tps      rtps      wtps   bread/s   bwrtn/s
11:56:52         0.00      0.00      0.00      0.00      0.00

11:56:50    kbmemfree   kbavail kbmemused  %memused kbbuffers  kbcached  kbcommit   %commit  kbactive   kbinact   kbdirty
11:56:52      2423264   2770964    635936     20.79      2588    469324    423604     13.85    418012    130112       260

11:56:52        CPU     %user     %nice   %system   %iowait    %steal     %idle
11:56:54        all      0.38      0.00      2.12      0.00      4.88     92.62

11:56:52          tps      rtps      wtps   bread/s   bwrtn/s
11:56:54         0.00      0.00      0.00      0.00      0.00

11:56:52    kbmemfree   kbavail kbmemused  %memused kbbuffers  kbcached  kbcommit   %commit  kbactive   kbinact   kbdirty
11:56:54      2423264   2770964    635936     20.79      2588    469324    423604     13.85    418016    130112       260

11:56:54        CPU     %user     %nice   %system   %iowait    %steal     %idle
11:56:56        all      0.25      0.00      2.35      0.00      5.19     92.21

11:56:54          tps      rtps      wtps   bread/s   bwrtn/s
11:56:56         0.00      0.00      0.00      0.00      0.00

11:56:54    kbmemfree   kbavail kbmemused  %memused kbbuffers  kbcached  kbcommit   %commit  kbactive   kbinact   kbdirty
11:56:56      2423136   2770840    636064     20.79      2588    469332    423604     13.85    418052    130080       268

11:56:56        CPU     %user     %nice   %system   %iowait    %steal     %idle
11:56:58        all      0.51      0.00      2.15      0.00      2.15     95.19

11:56:56          tps      rtps      wtps   bread/s   bwrtn/s
11:56:58         0.00      0.00      0.00      0.00      0.00

11:56:56    kbmemfree   kbavail kbmemused  %memused kbbuffers  kbcached  kbcommit   %commit  kbactive   kbinact   kbdirty
11:56:58      2422980   2770684    636220     20.80      2588    469332    423604     13.85    418052    130080       268

11:56:58        CPU     %user     %nice   %system   %iowait    %steal     %idle
11:57:00        all      0.25      0.00      2.88      0.00      3.88     93.00

11:56:58          tps      rtps      wtps   bread/s   bwrtn/s
11:57:00         0.00      0.00      0.00      0.00      0.00

11:56:58    kbmemfree   kbavail kbmemused  %memused kbbuffers  kbcached  kbcommit   %commit  kbactive   kbinact   kbdirty
11:57:00      2423012   2770716    636188     20.80      2588    469336    423604     13.85    418052    130080       272

11:57:00        CPU     %user     %nice   %system   %iowait    %steal     %idle
11:57:02        all      0.76      0.00      2.29      0.00      4.59     92.36

11:57:00          tps      rtps      wtps   bread/s   bwrtn/s
11:57:02         0.00      0.00      0.00      0.00      0.00

11:57:00    kbmemfree   kbavail kbmemused  %memused kbbuffers  kbcached  kbcommit   %commit  kbactive   kbinact   kbdirty
11:57:02      2422980   2770684    636220     20.80      2588    469336    423604     13.85    418052    130080       272

11:57:02        CPU     %user     %nice   %system   %iowait    %steal     %idle
11:57:04        all      0.39      0.00      3.87      2.84      4.25     88.66

11:57:02          tps      rtps      wtps   bread/s   bwrtn/s
11:57:04        10.50      0.00     10.50      0.00   3248.00

11:57:02    kbmemfree   kbavail kbmemused  %memused kbbuffers  kbcached  kbcommit   %commit  kbactive   kbinact   kbdirty
11:57:04      2422540   2770792    636660     20.81      2588    469832    423604     13.85    418548    130132        32

11:57:04        CPU     %user     %nice   %system   %iowait    %steal     %idle
11:57:06        all      0.61      0.00      3.16      0.00      8.52     87.71

11:57:04          tps      rtps      wtps   bread/s   bwrtn/s
11:57:06         1.47      0.00      1.47      0.00     31.37

11:57:04    kbmemfree   kbavail kbmemused  %memused kbbuffers  kbcached  kbcommit   %commit  kbactive   kbinact   kbdirty
11:57:06      2422824   2771140    636376     20.80      2588    469896    423604     13.85    418668    130080       164

11:57:06        CPU     %user     %nice   %system   %iowait    %steal     %idle
11:57:08        all      0.58      0.00      3.05      0.00     13.50     82.87

11:57:06          tps      rtps      wtps   bread/s   bwrtn/s
11:57:08         0.00      0.00      0.00      0.00      0.00

11:57:06    kbmemfree   kbavail kbmemused  %memused kbbuffers  kbcached  kbcommit   %commit  kbactive   kbinact   kbdirty
11:57:08      2422824   2771140    636376     20.80      2588    469896    423604     13.85    418668    130080       168

11:57:08        CPU     %user     %nice   %system   %iowait    %steal     %idle
11:57:10        all      0.52      0.00      3.26      0.00      6.39     89.83

11:57:08          tps      rtps      wtps   bread/s   bwrtn/s
11:57:10         0.00      0.00      0.00      0.00      0.00

11:57:08    kbmemfree   kbavail kbmemused  %memused kbbuffers  kbcached  kbcommit   %commit  kbactive   kbinact   kbdirty
11:57:10      2422824   2771140    636376     20.80      2588    469896    423604     13.85    418668    130080       168

11:57:10        CPU     %user     %nice   %system   %iowait    %steal     %idle
11:57:12        all      0.50      0.00      2.23      0.00      5.58     91.69

11:57:10          tps      rtps      wtps   bread/s   bwrtn/s
11:57:12         0.00      0.00      0.00      0.00      0.00

11:57:10    kbmemfree   kbavail kbmemused  %memused kbbuffers  kbcached  kbcommit   %commit  kbactive   kbinact   kbdirty
11:57:12      2422760   2771076    636440     20.80      2588    469900    423604     13.85    418672    130080       172

11:57:12        CPU     %user     %nice   %system   %iowait    %steal     %idle
11:57:14        all      0.12      0.00      1.75      0.00      2.75     95.38

11:57:12          tps      rtps      wtps   bread/s   bwrtn/s
11:57:14         0.00      0.00      0.00      0.00      0.00

11:57:12    kbmemfree   kbavail kbmemused  %memused kbbuffers  kbcached  kbcommit   %commit  kbactive   kbinact   kbdirty
11:57:14      2422760   2771076    636440     20.80      2588    469900    423604     13.85    418672    130080       172

11:57:14        CPU     %user     %nice   %system   %iowait    %steal     %idle
11:57:16        all      0.13      0.00      1.76      0.00      2.89     95.22

11:57:14          tps      rtps      wtps   bread/s   bwrtn/s
11:57:16         0.00      0.00      0.00      0.00      0.00

11:57:14    kbmemfree   kbavail kbmemused  %memused kbbuffers  kbcached  kbcommit   %commit  kbactive   kbinact   kbdirty
11:57:16      2422920   2771236    636280     20.80      2588    469900    423604     13.85    418672    130080       172

11:57:16        CPU     %user     %nice   %system   %iowait    %steal     %idle
11:57:18        all      0.50      0.00      1.63      0.00      2.01     95.86

11:57:16          tps      rtps      wtps   bread/s   bwrtn/s
11:57:18         0.00      0.00      0.00      0.00      0.00

11:57:16    kbmemfree   kbavail kbmemused  %memused kbbuffers  kbcached  kbcommit   %commit  kbactive   kbinact   kbdirty
11:57:18      2422856   2771172    636344     20.80      2588    469904    423604     13.85    418672    130080       176

11:57:18        CPU     %user     %nice   %system   %iowait    %steal     %idle
11:57:20        all      0.38      0.00      2.26      0.00      2.89     94.47

11:57:18          tps      rtps      wtps   bread/s   bwrtn/s
11:57:20         0.00      0.00      0.00      0.00      0.00

11:57:18    kbmemfree   kbavail kbmemused  %memused kbbuffers  kbcached  kbcommit   %commit  kbactive   kbinact   kbdirty
11:57:20      2422696   2771012    636504     20.81      2588    469904    423604     13.85    418672    130080       176

11:57:20        CPU     %user     %nice   %system   %iowait    %steal     %idle
11:57:22        all      0.50      0.00      2.62      0.00      2.86     94.02

11:57:20          tps      rtps      wtps   bread/s   bwrtn/s
11:57:22         0.00      0.00      0.00      0.00      0.00

11:57:20    kbmemfree   kbavail kbmemused  %memused kbbuffers  kbcached  kbcommit   %commit  kbactive   kbinact   kbdirty
11:57:22      2422888   2771204    636312     20.80      2588    469908    423604     13.85    418672    130080       180

11:57:22        CPU     %user     %nice   %system   %iowait    %steal     %idle
11:57:24        all      0.37      0.00      2.62      0.00      4.11     92.89

11:57:22          tps      rtps      wtps   bread/s   bwrtn/s
11:57:24         0.00      0.00      0.00      0.00      0.00

11:57:22    kbmemfree   kbavail kbmemused  %memused kbbuffers  kbcached  kbcommit   %commit  kbactive   kbinact   kbdirty
11:57:24      2422888   2771204    636312     20.80      2588    469908    423604     13.85    418672    130080       180

11:57:24        CPU     %user     %nice   %system   %iowait    %steal     %idle
11:57:26        all      1.00      0.00      4.12      0.00      6.62     88.25

11:57:24          tps      rtps      wtps   bread/s   bwrtn/s
11:57:26         0.00      0.00      0.00      0.00      0.00

11:57:24    kbmemfree   kbavail kbmemused  %memused kbbuffers  kbcached  kbcommit   %commit  kbactive   kbinact   kbdirty
11:57:26      2422824   2771140    636376     20.80      2588    469912    423604     13.85    418672    130080       184

11:57:26        CPU     %user     %nice   %system   %iowait    %steal     %idle
11:57:28        all      0.62      0.00      3.25      0.00      6.24     89.89

11:57:26          tps      rtps      wtps   bread/s   bwrtn/s
11:57:28         0.00      0.00      0.00      0.00      0.00

11:57:26    kbmemfree   kbavail kbmemused  %memused kbbuffers  kbcached  kbcommit   %commit  kbactive   kbinact   kbdirty
11:57:28      2422448   2770764    636752     20.81      2588    469916    423604     13.85    418672    130080       188

11:57:28        CPU     %user     %nice   %system   %iowait    %steal     %idle
11:57:30        all      0.38      0.00      3.26      0.00      7.77     88.60

11:57:28          tps      rtps      wtps   bread/s   bwrtn/s
11:57:30         0.00      0.00      0.00      0.00      0.00

11:57:28    kbmemfree   kbavail kbmemused  %memused kbbuffers  kbcached  kbcommit   %commit  kbactive   kbinact   kbdirty
11:57:30      2422496   2770844    636704     20.81      2588    469920    423604     13.85    418728    130084       192

11:57:30        CPU     %user     %nice   %system   %iowait    %steal     %idle
11:57:32        all      0.63      0.00      2.40      0.00      3.78     93.19

11:57:30          tps      rtps      wtps   bread/s   bwrtn/s
11:57:32         0.00      0.00      0.00      0.00      0.00

11:57:30    kbmemfree   kbavail kbmemused  %memused kbbuffers  kbcached  kbcommit   %commit  kbactive   kbinact   kbdirty
11:57:32      2422276   2770624    636924     20.82      2588    469920    423604     13.85    418728    130084       192

11:57:32        CPU     %user     %nice   %system   %iowait    %steal     %idle
11:57:34        all      0.38      0.00      2.14      0.00      1.64     95.84

11:57:32          tps      rtps      wtps   bread/s   bwrtn/s
11:57:34         0.00      0.00      0.00      0.00      0.00

11:57:32    kbmemfree   kbavail kbmemused  %memused kbbuffers  kbcached  kbcommit   %commit  kbactive   kbinact   kbdirty
11:57:34      2422436   2770788    636764     20.81      2588    469920    423604     13.85    418736    130080       192

11:57:34        CPU     %user     %nice   %system   %iowait    %steal     %idle
11:57:36        all      0.13      0.00      2.54      0.64      1.02     95.68

11:57:34          tps      rtps      wtps   bread/s   bwrtn/s
11:57:36        11.00      0.00     11.00      0.00   2824.00

11:57:34    kbmemfree   kbavail kbmemused  %memused kbbuffers  kbcached  kbcommit   %commit  kbactive   kbinact   kbdirty
11:57:36      2422248   2770952    636952     20.82      2588    470276    423604     13.85    419040    130144        36

11:57:36        CPU     %user     %nice   %system   %iowait    %steal     %idle
11:57:38        all      0.75      0.00      3.86      0.00      3.74     91.66

11:57:36          tps      rtps      wtps   bread/s   bwrtn/s
11:57:38         0.00      0.00      0.00      0.00      0.00

11:57:36    kbmemfree   kbavail kbmemused  %memused kbbuffers  kbcached  kbcommit   %commit  kbactive   kbinact   kbdirty
11:57:38      2422184   2770888    637016     20.82      2588    470276    423604     13.85    419040    130144        36

11:57:38        CPU     %user     %nice   %system   %iowait    %steal     %idle
11:57:40        all      0.13      0.00      1.53      0.00      1.65     96.69

11:57:38          tps      rtps      wtps   bread/s   bwrtn/s
11:57:40         0.00      0.00      0.00      0.00      0.00

11:57:38    kbmemfree   kbavail kbmemused  %memused kbbuffers  kbcached  kbcommit   %commit  kbactive   kbinact   kbdirty
11:57:40      2422184   2770888    637016     20.82      2588    470276    423604     13.85    419040    130144        36

11:57:40        CPU     %user     %nice   %system   %iowait    %steal     %idle
11:57:42        all      0.50      0.00      1.88      0.00      2.25     95.37

11:57:40          tps      rtps      wtps   bread/s   bwrtn/s
11:57:42         1.00      0.00      1.00      0.00     40.00

11:57:40    kbmemfree   kbavail kbmemused  %memused kbbuffers  kbcached  kbcommit   %commit  kbactive   kbinact   kbdirty
11:57:42      2422248   2770956    636952     20.82      2588    470284    423604     13.85    419044    130144       152

11:57:42        CPU     %user     %nice   %system   %iowait    %steal     %idle
11:57:44        all      0.25      0.00      2.28      0.00      2.28     95.20

11:57:42          tps      rtps      wtps   bread/s   bwrtn/s
11:57:44         0.00      0.00      0.00      0.00      0.00

11:57:42    kbmemfree   kbavail kbmemused  %memused kbbuffers  kbcached  kbcommit   %commit  kbactive   kbinact   kbdirty
11:57:44      2422184   2770892    637016     20.82      2588    470284    423604     13.85    419044    130144       156

11:57:44        CPU     %user     %nice   %system   %iowait    %steal     %idle
11:57:46        all      0.13      0.00      2.51      0.00      1.76     95.61

11:57:44          tps      rtps      wtps   bread/s   bwrtn/s
11:57:46         0.00      0.00      0.00      0.00      0.00

11:57:44    kbmemfree   kbavail kbmemused  %memused kbbuffers  kbcached  kbcommit   %commit  kbactive   kbinact   kbdirty
11:57:46      2421964   2770672    637236     20.83      2588    470288    423604     13.85    419044    130144       160

11:57:46        CPU     %user     %nice   %system   %iowait    %steal     %idle
11:57:48        all      0.38      0.00      1.89      0.00      2.02     95.71

11:57:46          tps      rtps      wtps   bread/s   bwrtn/s
11:57:48         0.00      0.00      0.00      0.00      0.00

11:57:46    kbmemfree   kbavail kbmemused  %memused kbbuffers  kbcached  kbcommit   %commit  kbactive   kbinact   kbdirty
11:57:48      2421932   2770640    637268     20.83      2588    470288    423604     13.85    419060    130128       160

11:57:48        CPU     %user     %nice   %system   %iowait    %steal     %idle
11:57:50        all      0.38      0.00      1.76      0.00      1.64     96.23

11:57:48          tps      rtps      wtps   bread/s   bwrtn/s
11:57:50         0.00      0.00      0.00      0.00      0.00

11:57:48    kbmemfree   kbavail kbmemused  %memused kbbuffers  kbcached  kbcommit   %commit  kbactive   kbinact   kbdirty
11:57:50      2421804   2770512    637396     20.84      2588    470292    423604     13.85    419060    130128       164

11:57:50        CPU     %user     %nice   %system   %iowait    %steal     %idle
11:57:52        all      0.74      0.00      1.72      0.00      6.28     91.26

11:57:50          tps      rtps      wtps   bread/s   bwrtn/s
11:57:52         0.00      0.00      0.00      0.00      0.00

11:57:50    kbmemfree   kbavail kbmemused  %memused kbbuffers  kbcached  kbcommit   %commit  kbactive   kbinact   kbdirty
11:57:52      2422028   2770736    637172     20.83      2588    470292    423604     13.85    419060    130128       164

11:57:52        CPU     %user     %nice   %system   %iowait    %steal     %idle
11:57:54        all      0.37      0.00      2.35      0.00      5.20     92.07

11:57:52          tps      rtps      wtps   bread/s   bwrtn/s
11:57:54         0.00      0.00      0.00      0.00      0.00

11:57:52    kbmemfree   kbavail kbmemused  %memused kbbuffers  kbcached  kbcommit   %commit  kbactive   kbinact   kbdirty
11:57:54      2422028   2770736    637172     20.83      2588    470292    423604     13.85    419060    130128       164

11:57:54        CPU     %user     %nice   %system   %iowait    %steal     %idle
11:57:56        all      0.49      0.00      2.34      0.00      4.80     92.36

11:57:54          tps      rtps      wtps   bread/s   bwrtn/s
11:57:56         0.00      0.00      0.00      0.00      0.00

11:57:54    kbmemfree   kbavail kbmemused  %memused kbbuffers  kbcached  kbcommit   %commit  kbactive   kbinact   kbdirty
11:57:56      2422024   2770732    637176     20.83      2588    470292    423604     13.85    419060    130128       164

11:57:56        CPU     %user     %nice   %system   %iowait    %steal     %idle
11:57:58        all      1.25      0.00      2.00      0.00      3.75     93.01

11:57:56          tps      rtps      wtps   bread/s   bwrtn/s
11:57:58         0.00      0.00      0.00      0.00      0.00

11:57:56    kbmemfree   kbavail kbmemused  %memused kbbuffers  kbcached  kbcommit   %commit  kbactive   kbinact   kbdirty
11:57:58      2422120   2770832    637080     20.83      2588    470300    423604     13.85    419064    130128       172

11:57:58        CPU     %user     %nice   %system   %iowait    %steal     %idle
11:58:00        all      0.37      0.00      2.36      0.00      6.21     91.06

11:57:58          tps      rtps      wtps   bread/s   bwrtn/s
11:58:00         0.00      0.00      0.00      0.00      0.00

11:57:58    kbmemfree   kbavail kbmemused  %memused kbbuffers  kbcached  kbcommit   %commit  kbactive   kbinact   kbdirty
11:58:00      2422080   2770792    637120     20.83      2588    470300    423604     13.85    419064    130128       172

11:58:00        CPU     %user     %nice   %system   %iowait    %steal     %idle
11:58:02        all      1.26      0.00      2.77      0.00      3.91     92.06

11:58:00          tps      rtps      wtps   bread/s   bwrtn/s
11:58:02         0.00      0.00      0.00      0.00      0.00

11:58:00    kbmemfree   kbavail kbmemused  %memused kbbuffers  kbcached  kbcommit   %commit  kbactive   kbinact   kbdirty
11:58:02      2422080   2770792    637120     20.83      2588    470300    423604     13.85    419064    130128       172

11:58:02        CPU     %user     %nice   %system   %iowait    %steal     %idle
11:58:04        all      0.50      0.00      2.39      0.00      2.64     94.47

11:58:02          tps      rtps      wtps   bread/s   bwrtn/s
11:58:04         0.00      0.00      0.00      0.00      0.00

11:58:02    kbmemfree   kbavail kbmemused  %memused kbbuffers  kbcached  kbcommit   %commit  kbactive   kbinact   kbdirty
11:58:04      2422048   2770760    637152     20.83      2588    470304    423604     13.85    419068    130128       176

11:58:04        CPU     %user     %nice   %system   %iowait    %steal     %idle
11:58:06        all      0.75      0.00      2.74      0.00      3.74     92.77

11:58:04          tps      rtps      wtps   bread/s   bwrtn/s
11:58:06         0.00      0.00      0.00      0.00      0.00

11:58:04    kbmemfree   kbavail kbmemused  %memused kbbuffers  kbcached  kbcommit   %commit  kbactive   kbinact   kbdirty
11:58:06      2422664   2771376    636536     20.81      2588    470300    423604     13.85    417500    130124       224

11:58:06        CPU     %user     %nice   %system   %iowait    %steal     %idle
11:58:08        all      0.25      0.00      0.38      0.00      1.01     98.36

11:58:06          tps      rtps      wtps   bread/s   bwrtn/s
11:58:08         0.00      0.00      0.00      0.00      0.00

11:58:06    kbmemfree   kbavail kbmemused  %memused kbbuffers  kbcached  kbcommit   %commit  kbactive   kbinact   kbdirty
11:58:08      2422664   2771372    636536     20.81      2588    470296    423604     13.85    417496    130120       224

11:58:08        CPU     %user     %nice   %system   %iowait    %steal     %idle
11:58:10        all      0.12      0.00      0.00      0.00      0.12     99.75

11:58:08          tps      rtps      wtps   bread/s   bwrtn/s
11:58:10         0.00      0.00      0.00      0.00      0.00

11:58:08    kbmemfree   kbavail kbmemused  %memused kbbuffers  kbcached  kbcommit   %commit  kbactive   kbinact   kbdirty
11:58:10      2422632   2771340    636568     20.81      2588    470296    423604     13.85    417496    130120       224

11:58:10        CPU     %user     %nice   %system   %iowait    %steal     %idle
11:58:12        all      0.13      0.00      0.38      0.63      0.00     98.87

11:58:10          tps      rtps      wtps   bread/s   bwrtn/s
11:58:12        11.50      0.00     11.50      0.00   2880.00

11:58:10    kbmemfree   kbavail kbmemused  %memused kbbuffers  kbcached  kbcommit   %commit  kbactive   kbinact   kbdirty
11:58:12      2422916   2771952    636284     20.80      2588    470604    423604     13.85    417844    130120        16

11:58:12        CPU     %user     %nice   %system   %iowait    %steal     %idle
11:58:14        all      0.00      0.00      0.13      0.00      0.00     99.87

11:58:12          tps      rtps      wtps   bread/s   bwrtn/s
11:58:14         0.00      0.00      0.00      0.00      0.00

11:58:12    kbmemfree   kbavail kbmemused  %memused kbbuffers  kbcached  kbcommit   %commit  kbactive   kbinact   kbdirty
11:58:14      2422916   2771952    636284     20.80      2588    470608    423604     13.85    417844    130120        20



Average:        CPU     %user     %nice   %system   %iowait    %steal     %idle
Average:        all      0.59      0.00      2.59      0.07      4.82     91.93

Average:          tps      rtps      wtps   bread/s   bwrtn/s
Average:         0.75      0.00      0.75      0.00    144.34

Average:    kbmemfree   kbavail kbmemused  %memused kbbuffers  kbcached  kbcommit   %commit  kbactive   kbinact   kbdirty
Average:      2424675   2771473    634525     20.74      2588    468386    422442     13.81    417113    129965       202
